In file included from /usr/include/c++/5/mutex:35:0,
                 from /usr/local/include/grpcpp/impl/codegen/client_context.h:39,
                 from /usr/local/include/grpcpp/impl/codegen/call.h:30,
                 from /usr/local/include/grpcpp/impl/codegen/async_stream.h:22,
                 from rpc.grpc.pb.h:9,
                 from rpc.grpc.pb.cc:6:
/usr/include/c++/5/bits/c++0x_warning.h:32:2: error: #error This file requires compiler and library support for the ISO C++ 2011 standard. This support must be enabled with the -std=c++11 or -std=gnu++11 compiler options.
 #error This file requires compiler and library support \
  ^
In file included from /usr/local/include/grpcpp/impl/codegen/byte_buffer.h:24:0,
                 from /usr/local/include/grpcpp/impl/codegen/call.h:28,
                 from /usr/local/include/grpcpp/impl/codegen/async_stream.h:22,
                 from rpc.grpc.pb.h:9,
                 from rpc.grpc.pb.cc:6:
/usr/local/include/grpcpp/impl/codegen/config.h:37:12: error: ‘std::to_string’ has not been declared
 using std::to_string;
            ^
In file included from /usr/local/include/grpcpp/impl/codegen/core_codegen_interface.h:26:0,
                 from /usr/local/include/grpcpp/impl/codegen/byte_buffer.h:25,
                 from /usr/local/include/grpcpp/impl/codegen/call.h:28,
                 from /usr/local/include/grpcpp/impl/codegen/async_stream.h:22,
                 from rpc.grpc.pb.h:9,
                 from rpc.grpc.pb.cc:6:
/usr/local/include/grpcpp/impl/codegen/status.h: In constructor ‘grpc::Status::Status()’:
/usr/local/include/grpcpp/impl/codegen/status.h:34:20: error: ‘StatusCode’ is not a class or namespace
   Status() : code_(StatusCode::OK) {
                    ^
/usr/local/include/grpcpp/impl/codegen/status.h:37:19: error: ‘StatusCode’ is not a class or namespace
     static_assert(StatusCode::OK == static_cast<StatusCode>(GRPC_STATUS_OK),
                   ^
/usr/local/include/grpcpp/impl/codegen/status.h:38:43: error: ‘static_assert’ was not declared in this scope
                   "Mismatched status code");
                                           ^
/usr/local/include/grpcpp/impl/codegen/status.h:40:9: error: ‘StatusCode’ is not a class or namespace
         StatusCode::CANCELLED == static_cast<StatusCode>(GRPC_STATUS_CANCELLED),
         ^
/usr/local/include/grpcpp/impl/codegen/status.h:43:9: error: ‘StatusCode’ is not a class or namespace
         StatusCode::UNKNOWN == static_cast<StatusCode>(GRPC_STATUS_UNKNOWN),
         ^
/usr/local/include/grpcpp/impl/codegen/status.h:45:19: error: ‘StatusCode’ is not a class or namespace
     static_assert(StatusCode::INVALID_ARGUMENT ==
                   ^
/usr/local/include/grpcpp/impl/codegen/status.h:48:19: error: ‘StatusCode’ is not a class or namespace
     static_assert(StatusCode::DEADLINE_EXCEEDED ==
                   ^
/usr/local/include/grpcpp/impl/codegen/status.h:52:9: error: ‘StatusCode’ is not a class or namespace
         StatusCode::NOT_FOUND == static_cast<StatusCode>(GRPC_STATUS_NOT_FOUND),
         ^
/usr/local/include/grpcpp/impl/codegen/status.h:54:19: error: ‘StatusCode’ is not a class or namespace
     static_assert(StatusCode::ALREADY_EXISTS ==
                   ^
/usr/local/include/grpcpp/impl/codegen/status.h:57:19: error: ‘StatusCode’ is not a class or namespace
     static_assert(StatusCode::PERMISSION_DENIED ==
                   ^
/usr/local/include/grpcpp/impl/codegen/status.h:60:19: error: ‘StatusCode’ is not a class or namespace
     static_assert(StatusCode::UNAUTHENTICATED ==
                   ^
/usr/local/include/grpcpp/impl/codegen/status.h:63:19: error: ‘StatusCode’ is not a class or namespace
     static_assert(StatusCode::RESOURCE_EXHAUSTED ==
                   ^
/usr/local/include/grpcpp/impl/codegen/status.h:66:19: error: ‘StatusCode’ is not a class or namespace
     static_assert(StatusCode::FAILED_PRECONDITION ==
                   ^
/usr/local/include/grpcpp/impl/codegen/status.h:70:9: error: ‘StatusCode’ is not a class or namespace
         StatusCode::ABORTED == static_cast<StatusCode>(GRPC_STATUS_ABORTED),
         ^
/usr/local/include/grpcpp/impl/codegen/status.h:72:19: error: ‘StatusCode’ is not a class or namespace
     static_assert(StatusCode::OUT_OF_RANGE ==
                   ^
/usr/local/include/grpcpp/impl/codegen/status.h:75:19: error: ‘StatusCode’ is not a class or namespace
     static_assert(StatusCode::UNIMPLEMENTED ==
                   ^
/usr/local/include/grpcpp/impl/codegen/status.h:79:9: error: ‘StatusCode’ is not a class or namespace
         StatusCode::INTERNAL == static_cast<StatusCode>(GRPC_STATUS_INTERNAL),
         ^
/usr/local/include/grpcpp/impl/codegen/status.h:81:19: error: ‘StatusCode’ is not a class or namespace
     static_assert(StatusCode::UNAVAILABLE ==
                   ^
/usr/local/include/grpcpp/impl/codegen/status.h:85:9: error: ‘StatusCode’ is not a class or namespace
         StatusCode::DATA_LOSS == static_cast<StatusCode>(GRPC_STATUS_DATA_LOSS),
         ^
/usr/local/include/grpcpp/impl/codegen/status.h: In member function ‘bool grpc::Status::ok() const’:
/usr/local/include/grpcpp/impl/codegen/status.h:118:37: error: ‘StatusCode’ is not a class or namespace
   bool ok() const { return code_ == StatusCode::OK; }
                                     ^
In file included from /usr/local/include/grpcpp/impl/codegen/slice.h:24:0,
                 from /usr/local/include/grpcpp/impl/codegen/byte_buffer.h:27,
                 from /usr/local/include/grpcpp/impl/codegen/call.h:28,
                 from /usr/local/include/grpcpp/impl/codegen/async_stream.h:22,
                 from rpc.grpc.pb.h:9,
                 from rpc.grpc.pb.cc:6:
/usr/local/include/grpcpp/impl/codegen/string_ref.h: In constructor ‘grpc::string_ref::string_ref()’:
/usr/local/include/grpcpp/impl/codegen/string_ref.h:51:24: error: ‘nullptr’ was not declared in this scope
   string_ref() : data_(nullptr), length_(0) {}
                        ^
/usr/local/include/grpcpp/impl/codegen/string_ref.h: In member function ‘size_t grpc::string_ref::find(grpc::string_ref) const’:
/usr/local/include/grpcpp/impl/codegen/string_ref.h:112:10: error: ‘it’ does not name a type
     auto it = std::search(cbegin(), cend(), s.cbegin(), s.cend());
          ^
/usr/local/include/grpcpp/impl/codegen/string_ref.h:113:12: error: ‘it’ was not declared in this scope
     return it == cend() ? npos : std::distance(cbegin(), it);
            ^
/usr/local/include/grpcpp/impl/codegen/string_ref.h: In member function ‘size_t grpc::string_ref::find(char) const’:
/usr/local/include/grpcpp/impl/codegen/string_ref.h:117:10: error: ‘it’ does not name a type
     auto it = std::find(cbegin(), cend(), c);
          ^
/usr/local/include/grpcpp/impl/codegen/string_ref.h:118:12: error: ‘it’ was not declared in this scope
     return it == cend() ? npos : std::distance(cbegin(), it);
            ^
In file included from /usr/local/include/grpcpp/impl/codegen/call.h:28:0,
                 from /usr/local/include/grpcpp/impl/codegen/async_stream.h:22,
                 from rpc.grpc.pb.h:9,
                 from rpc.grpc.pb.cc:6:
/usr/local/include/grpcpp/impl/codegen/byte_buffer.h: In constructor ‘grpc::ByteBuffer::ByteBuffer()’:
/usr/local/include/grpcpp/impl/codegen/byte_buffer.h:56:26: error: ‘nullptr’ was not declared in this scope
   ByteBuffer() : buffer_(nullptr) {}
                          ^
/usr/local/include/grpcpp/impl/codegen/byte_buffer.h: In constructor ‘grpc::ByteBuffer::ByteBuffer(const grpc::Slice*, size_t)’:
/usr/local/include/grpcpp/impl/codegen/byte_buffer.h:63:19: error: ‘is_same’ is not a member of ‘std’
     static_assert(std::is_same<decltype(slices[0].slice_), grpc_slice>::value,
                   ^
/usr/local/include/grpcpp/impl/codegen/byte_buffer.h:63:19: note: suggested alternatives:
In file included from /usr/include/c++/5/tr1/unordered_map:39:0,
                 from /usr/local/include/google/protobuf/stubs/hash.h:152,
                 from /usr/local/include/google/protobuf/map.h:49,
                 from /usr/local/include/google/protobuf/generated_message_table_driven.h:34,
                 from rpc.pb.h:25,
                 from rpc.grpc.pb.cc:5:
/usr/include/c++/5/tr1/type_traits:389:12: note:   ‘std::tr1::is_same’
     struct is_same
            ^
In file included from /usr/local/include/google/protobuf/stubs/callback.h:5:0,
                 from /usr/local/include/google/protobuf/stubs/common.h:53,
                 from rpc.pb.h:9,
                 from rpc.grpc.pb.cc:5:
/usr/local/include/google/protobuf/stubs/type_traits.h:109:36: note:   ‘google::protobuf::internal::is_same’
 template <class T, class U> struct is_same;
                                    ^
In file included from /usr/local/include/grpcpp/impl/codegen/call.h:28:0,
                 from /usr/local/include/grpcpp/impl/codegen/async_stream.h:22,
                 from rpc.grpc.pb.h:9,
                 from rpc.grpc.pb.cc:6:
/usr/local/include/grpcpp/impl/codegen/byte_buffer.h:63:57: error: ‘decltype’ was not declared in this scope
     static_assert(std::is_same<decltype(slices[0].slice_), grpc_slice>::value,
                                                         ^
/usr/local/include/grpcpp/impl/codegen/byte_buffer.h:63:70: error: expected primary-expression before ‘>’ token
     static_assert(std::is_same<decltype(slices[0].slice_), grpc_slice>::value,
                                                                      ^
/usr/local/include/grpcpp/impl/codegen/byte_buffer.h:63:71: error: ‘::value’ has not been declared
     static_assert(std::is_same<decltype(slices[0].slice_), grpc_slice>::value,
                                                                       ^
/usr/local/include/grpcpp/impl/codegen/byte_buffer.h:64:70: error: ‘static_assert’ was not declared in this scope
                   "Slice must have same representation as grpc_slice");
                                                                      ^
/usr/local/include/grpcpp/impl/codegen/byte_buffer.h:70:19: error: ‘is_same’ is not a member of ‘std’
     static_assert(std::is_same<decltype(buffer_), grpc_byte_buffer*>::value,
                   ^
/usr/local/include/grpcpp/impl/codegen/byte_buffer.h:70:19: note: suggested alternatives:
In file included from /usr/include/c++/5/tr1/unordered_map:39:0,
                 from /usr/local/include/google/protobuf/stubs/hash.h:152,
                 from /usr/local/include/google/protobuf/map.h:49,
                 from /usr/local/include/google/protobuf/generated_message_table_driven.h:34,
                 from rpc.pb.h:25,
                 from rpc.grpc.pb.cc:5:
/usr/include/c++/5/tr1/type_traits:389:12: note:   ‘std::tr1::is_same’
     struct is_same
            ^
In file included from /usr/local/include/google/protobuf/stubs/callback.h:5:0,
                 from /usr/local/include/google/protobuf/stubs/common.h:53,
                 from rpc.pb.h:9,
                 from rpc.grpc.pb.cc:5:
/usr/local/include/google/protobuf/stubs/type_traits.h:109:36: note:   ‘google::protobuf::internal::is_same’
 template <class T, class U> struct is_same;
                                    ^
In file included from /usr/local/include/grpcpp/impl/codegen/call.h:28:0,
                 from /usr/local/include/grpcpp/impl/codegen/async_stream.h:22,
                 from rpc.grpc.pb.h:9,
                 from rpc.grpc.pb.cc:6:
/usr/local/include/grpcpp/impl/codegen/byte_buffer.h:70:67: error: expected primary-expression before ‘*’ token
     static_assert(std::is_same<decltype(buffer_), grpc_byte_buffer*>::value,
                                                                   ^
/usr/local/include/grpcpp/impl/codegen/byte_buffer.h:70:68: error: expected primary-expression before ‘>’ token
     static_assert(std::is_same<decltype(buffer_), grpc_byte_buffer*>::value,
                                                                    ^
/usr/local/include/grpcpp/impl/codegen/byte_buffer.h:70:69: error: ‘::value’ has not been declared
     static_assert(std::is_same<decltype(buffer_), grpc_byte_buffer*>::value,
                                                                     ^
/usr/local/include/grpcpp/impl/codegen/byte_buffer.h: In member function ‘void grpc::ByteBuffer::Clear()’:
/usr/local/include/grpcpp/impl/codegen/byte_buffer.h:103:17: error: ‘nullptr’ was not declared in this scope
       buffer_ = nullptr;
                 ^
/usr/local/include/grpcpp/impl/codegen/byte_buffer.h: In member function ‘void grpc::ByteBuffer::Release()’:
/usr/local/include/grpcpp/impl/codegen/byte_buffer.h:116:30: error: ‘nullptr’ was not declared in this scope
   void Release() { buffer_ = nullptr; }
                              ^
/usr/local/include/grpcpp/impl/codegen/byte_buffer.h: In member function ‘size_t grpc::ByteBuffer::Length() const’:
/usr/local/include/grpcpp/impl/codegen/byte_buffer.h:120:23: error: ‘nullptr’ was not declared in this scope
     return buffer_ == nullptr
                       ^
/usr/local/include/grpcpp/impl/codegen/byte_buffer.h: In member function ‘bool grpc::ByteBuffer::Valid() const’:
/usr/local/include/grpcpp/impl/codegen/byte_buffer.h:133:43: error: ‘nullptr’ was not declared in this scope
   bool Valid() const { return (buffer_ != nullptr); }
                                           ^
In file included from /usr/local/include/grpcpp/impl/codegen/client_context.h:46:0,
                 from /usr/local/include/grpcpp/impl/codegen/call.h:30,
                 from /usr/local/include/grpcpp/impl/codegen/async_stream.h:22,
                 from rpc.grpc.pb.h:9,
                 from rpc.grpc.pb.cc:6:
/usr/local/include/grpcpp/impl/codegen/create_auth_context.h: At global scope:
/usr/local/include/grpcpp/impl/codegen/create_auth_context.h:29:6: error: ‘shared_ptr’ in namespace ‘std’ does not name a template type
 std::shared_ptr<const AuthContext> CreateAuthContext(grpc_call* call);
      ^
In file included from /usr/local/include/grpcpp/impl/codegen/client_context.h:52:0,
                 from /usr/local/include/grpcpp/impl/codegen/call.h:30,
                 from /usr/local/include/grpcpp/impl/codegen/async_stream.h:22,
                 from rpc.grpc.pb.h:9,
                 from rpc.grpc.pb.cc:6:
/usr/local/include/grpcpp/impl/codegen/time.h:67:36: error: ‘chrono’ in namespace ‘std’ does not name a type
 void Timepoint2Timespec(const std::chrono::system_clock::time_point& from,
                                    ^
/usr/local/include/grpcpp/impl/codegen/time.h:67:56: error: expected unqualified-id before ‘::’ token
 void Timepoint2Timespec(const std::chrono::system_clock::time_point& from,
                                                        ^
/usr/local/include/grpcpp/impl/codegen/time.h:67:56: error: expected ‘)’ before ‘::’ token
/usr/local/include/grpcpp/impl/codegen/time.h:67:56: error: expected initializer before ‘::’ token
/usr/local/include/grpcpp/impl/codegen/time.h:70:16: error: ‘chrono’ in namespace ‘std’ does not name a type
     const std::chrono::high_resolution_clock::time_point& from,
                ^
/usr/local/include/grpcpp/impl/codegen/time.h:70:45: error: expected unqualified-id before ‘::’ token
     const std::chrono::high_resolution_clock::time_point& from,
                                             ^
/usr/local/include/grpcpp/impl/codegen/time.h:70:45: error: expected ‘)’ before ‘::’ token
/usr/local/include/grpcpp/impl/codegen/time.h:70:45: error: expected initializer before ‘::’ token
/usr/local/include/grpcpp/impl/codegen/time.h:73:6: error: ‘chrono’ in namespace ‘std’ does not name a type
 std::chrono::system_clock::time_point Timespec2Timepoint(gpr_timespec t);
      ^
/usr/local/include/grpcpp/impl/codegen/time.h:76:17: error: ‘chrono’ is not a member of ‘std’
 class TimePoint<std::chrono::system_clock::time_point> {
                 ^
/usr/local/include/grpcpp/impl/codegen/time.h:76:17: error: ‘chrono’ is not a member of ‘std’
/usr/local/include/grpcpp/impl/codegen/time.h:76:54: error: template argument 1 is invalid
 class TimePoint<std::chrono::system_clock::time_point> {
                                                      ^
In file included from /usr/local/include/grpcpp/impl/codegen/call.h:30:0,
                 from /usr/local/include/grpcpp/impl/codegen/async_stream.h:22,
                 from rpc.grpc.pb.h:9,
                 from rpc.grpc.pb.cc:6:
/usr/local/include/grpcpp/impl/codegen/client_context.h:177:15: error: ‘unique_ptr’ in namespace ‘std’ does not name a template type
   static std::unique_ptr<ClientContext> FromServerContext(
               ^
/usr/local/include/grpcpp/impl/codegen/client_context.h:259:8: error: ‘chrono’ in namespace ‘std’ does not name a type
   std::chrono::system_clock::time_point deadline() const {
        ^
/usr/local/include/grpcpp/impl/codegen/client_context.h:273:8: error: ‘shared_ptr’ in namespace ‘std’ does not name a template type
   std::shared_ptr<const AuthContext> auth_context() const {
        ^
/usr/local/include/grpcpp/impl/codegen/client_context.h:288:35: error: ‘shared_ptr’ in namespace ‘std’ does not name a template type
   void set_credentials(const std::shared_ptr<CallCredentials>& creds) {
                                   ^
/usr/local/include/grpcpp/impl/codegen/client_context.h:288:45: error: expected ‘,’ or ‘...’ before ‘<’ token
   void set_credentials(const std::shared_ptr<CallCredentials>& creds) {
                                             ^
/usr/local/include/grpcpp/impl/codegen/client_context.h:399:45: error: ‘shared_ptr’ in namespace ‘std’ does not name a template type
   void set_call(grpc_call* call, const std::shared_ptr<Channel>& channel);
                                             ^
/usr/local/include/grpcpp/impl/codegen/client_context.h:399:55: error: expected ‘,’ or ‘...’ before ‘<’ token
   void set_call(grpc_call* call, const std::shared_ptr<Channel>& channel);
                                                       ^
/usr/local/include/grpcpp/impl/codegen/client_context.h:418:8: error: ‘shared_ptr’ in namespace ‘std’ does not name a template type
   std::shared_ptr<Channel> channel_;
        ^
/usr/local/include/grpcpp/impl/codegen/client_context.h:419:8: error: ‘mutex’ in namespace ‘std’ does not name a type
   std::mutex mu_;
        ^
/usr/local/include/grpcpp/impl/codegen/client_context.h:424:8: error: ‘shared_ptr’ in namespace ‘std’ does not name a template type
   std::shared_ptr<CallCredentials> creds_;
        ^
/usr/local/include/grpcpp/impl/codegen/client_context.h:425:16: error: ‘shared_ptr’ in namespace ‘std’ does not name a template type
   mutable std::shared_ptr<const AuthContext> auth_context_;
                ^
/usr/local/include/grpcpp/impl/codegen/client_context.h: In member function ‘void grpc::ClientContext::set_credentials(int)’:
/usr/local/include/grpcpp/impl/codegen/client_context.h:289:5: error: ‘creds_’ was not declared in this scope
     creds_ = creds;
     ^
/usr/local/include/grpcpp/impl/codegen/client_context.h:289:14: error: ‘creds’ was not declared in this scope
     creds_ = creds;
              ^
In file included from /usr/local/include/grpcpp/impl/codegen/async_stream.h:22:0,
                 from rpc.grpc.pb.h:9,
                 from rpc.grpc.pb.cc:6:
/usr/local/include/grpcpp/impl/codegen/call.h: In function ‘grpc_metadata* grpc::internal::FillMetadataArray(const std::multimap<std::__cxx11::basic_string<char>, std::__cxx11::basic_string<char> >&, size_t*, const string&)’:
/usr/local/include/grpcpp/impl/codegen/call.h:62:12: error: ‘nullptr’ was not declared in this scope
     return nullptr;
            ^
/usr/local/include/grpcpp/impl/codegen/call.h:68:13: error: ‘iter’ does not name a type
   for (auto iter = metadata.cbegin(); iter != metadata.cend(); ++iter, ++i) {
             ^
/usr/local/include/grpcpp/impl/codegen/call.h:68:39: error: expected ‘;’ before ‘iter’
   for (auto iter = metadata.cbegin(); iter != metadata.cend(); ++iter, ++i) {
                                       ^
/usr/local/include/grpcpp/impl/codegen/call.h:68:39: error: ‘iter’ was not declared in this scope
/usr/local/include/grpcpp/impl/codegen/call.h:68:56: error: ‘const class std::multimap<std::__cxx11::basic_string<char>, std::__cxx11::basic_string<char> >’ has no member named ‘cend’
   for (auto iter = metadata.cbegin(); iter != metadata.cend(); ++iter, ++i) {
                                                        ^
/usr/local/include/grpcpp/impl/codegen/call.h: In constructor ‘grpc::internal::CallOpRecvMessage<R>::CallOpRecvMessage()’:
/usr/local/include/grpcpp/impl/codegen/call.h:325:18: error: ‘nullptr’ was not declared in this scope
         message_(nullptr),
                  ^
/usr/local/include/grpcpp/impl/codegen/call.h: In member function ‘void grpc::internal::CallOpRecvMessage<R>::AddOp(grpc_op*, size_t*)’:
/usr/local/include/grpcpp/impl/codegen/call.h:337:21: error: ‘nullptr’ was not declared in this scope
     if (message_ == nullptr) return;
                     ^
/usr/local/include/grpcpp/impl/codegen/call.h: In member function ‘void grpc::internal::CallOpRecvMessage<R>::FinishOp(bool*)’:
/usr/local/include/grpcpp/impl/codegen/call.h:346:21: error: ‘nullptr’ was not declared in this scope
     if (message_ == nullptr) return;
                     ^
/usr/local/include/grpcpp/impl/codegen/call.h:363:16: error: ‘nullptr’ was not declared in this scope
     message_ = nullptr;
                ^
/usr/local/include/grpcpp/impl/codegen/call.h: At global scope:
/usr/local/include/grpcpp/impl/codegen/call.h:441:8: error: ‘unique_ptr’ in namespace ‘std’ does not name a template type
   std::unique_ptr<DeserializeFunc> deserialize_;
        ^
/usr/local/include/grpcpp/impl/codegen/call.h: In member function ‘void grpc::internal::CallOpGenericRecvMessage::RecvMessage(R*)’:
/usr/local/include/grpcpp/impl/codegen/call.h:402:5: error: ‘deserialize_’ was not declared in this scope
     deserialize_.reset(func);
     ^
/usr/local/include/grpcpp/impl/codegen/call.h: In member function ‘void grpc::internal::CallOpGenericRecvMessage::AddOp(grpc_op*, size_t*)’:
/usr/local/include/grpcpp/impl/codegen/call.h:412:10: error: ‘deserialize_’ was not declared in this scope
     if (!deserialize_) return;
          ^
/usr/local/include/grpcpp/impl/codegen/call.h: In member function ‘void grpc::internal::CallOpGenericRecvMessage::FinishOp(bool*)’:
/usr/local/include/grpcpp/impl/codegen/call.h:421:10: error: ‘deserialize_’ was not declared in this scope
     if (!deserialize_) return;
          ^
/usr/local/include/grpcpp/impl/codegen/call.h:425:19: error: ‘deserialize_’ was not declared in this scope
         *status = deserialize_->Deserialize(&recv_buf_).ok();
                   ^
/usr/local/include/grpcpp/impl/codegen/call.h:437:5: error: ‘deserialize_’ was not declared in this scope
     deserialize_.reset();
     ^
/usr/local/include/grpcpp/impl/codegen/call.h: In member function ‘void grpc::internal::CallOpServerSendStatus::AddOp(grpc_op*, size_t*)’:
/usr/local/include/grpcpp/impl/codegen/call.h:492:39: error: ‘nullptr’ was not declared in this scope
         send_error_message_.empty() ? nullptr : &error_message_slice_;
                                       ^
/usr/local/include/grpcpp/impl/codegen/call.h: In constructor ‘grpc::internal::CallOpRecvInitialMetadata::CallOpRecvInitialMetadata()’:
/usr/local/include/grpcpp/impl/codegen/call.h:515:47: error: ‘nullptr’ was not declared in this scope
   CallOpRecvInitialMetadata() : metadata_map_(nullptr) {}
                                               ^
/usr/local/include/grpcpp/impl/codegen/call.h: In member function ‘void grpc::internal::CallOpRecvInitialMetadata::AddOp(grpc_op*, size_t*)’:
/usr/local/include/grpcpp/impl/codegen/call.h:524:26: error: ‘nullptr’ was not declared in this scope
     if (metadata_map_ == nullptr) return;
                          ^
/usr/local/include/grpcpp/impl/codegen/call.h: In member function ‘void grpc::internal::CallOpRecvInitialMetadata::FinishOp(bool*)’:
/usr/local/include/grpcpp/impl/codegen/call.h:533:26: error: ‘nullptr’ was not declared in this scope
     if (metadata_map_ == nullptr) return;
                          ^
/usr/local/include/grpcpp/impl/codegen/call.h:535:21: error: ‘nullptr’ was not declared in this scope
     metadata_map_ = nullptr;
                     ^
/usr/local/include/grpcpp/impl/codegen/call.h: In constructor ‘grpc::internal::CallOpClientRecvStatus::CallOpClientRecvStatus()’:
/usr/local/include/grpcpp/impl/codegen/call.h:545:22: error: ‘nullptr’ was not declared in this scope
       : recv_status_(nullptr), debug_error_string_(nullptr) {}
                      ^
/usr/local/include/grpcpp/impl/codegen/call.h: In member function ‘void grpc::internal::CallOpClientRecvStatus::AddOp(grpc_op*, size_t*)’:
/usr/local/include/grpcpp/impl/codegen/call.h:556:25: error: ‘nullptr’ was not declared in this scope
     if (recv_status_ == nullptr) return;
                         ^
/usr/local/include/grpcpp/impl/codegen/call.h: In member function ‘void grpc::internal::CallOpClientRecvStatus::FinishOp(bool*)’:
/usr/local/include/grpcpp/impl/codegen/call.h:568:25: error: ‘nullptr’ was not declared in this scope
     if (recv_status_ == nullptr) return;
                         ^
/usr/local/include/grpcpp/impl/codegen/call.h:571:10: error: ‘iter’ does not name a type
     auto iter = metadata_map_->map()->find(kBinaryErrorDetailsKey);
          ^
/usr/local/include/grpcpp/impl/codegen/call.h:572:9: error: ‘iter’ was not declared in this scope
     if (iter != metadata_map_->map()->end()) {
         ^
/usr/local/include/grpcpp/impl/codegen/call.h:581:32: error: ‘nullptr’ was not declared in this scope
         debug_error_string_ != nullptr ? debug_error_string_ : "");
                                ^
/usr/local/include/grpcpp/impl/codegen/call.h: At global scope:
/usr/local/include/grpcpp/impl/codegen/call.h:625:26: error: template argument 1 is invalid
                   public Op6 {
                          ^
/usr/local/include/grpcpp/impl/codegen/call.h:625:30: error: expected ‘>’ before ‘{’ token
                   public Op6 {
                              ^
/usr/local/include/grpcpp/impl/codegen/call.h:625:30: error: expected unqualified-id before ‘{’ token
In file included from /usr/local/include/grpcpp/impl/codegen/async_stream.h:25:0,
                 from rpc.grpc.pb.h:9,
                 from rpc.grpc.pb.cc:6:
/usr/local/include/grpcpp/impl/codegen/server_context.h:102:8: error: ‘chrono’ in namespace ‘std’ does not name a type
   std::chrono::system_clock::time_point deadline() const {
        ^
/usr/local/include/grpcpp/impl/codegen/server_context.h:210:8: error: ‘shared_ptr’ in namespace ‘std’ does not name a template type
   std::shared_ptr<const AuthContext> auth_context() const {
        ^
/usr/local/include/grpcpp/impl/codegen/server_context.h:292:16: error: ‘shared_ptr’ in namespace ‘std’ does not name a template type
   mutable std::shared_ptr<const AuthContext> auth_context_;
                ^
/usr/local/include/grpcpp/impl/codegen/server_context.h:301:13: error: ‘CallOpSet’ in namespace ‘grpc::internal’ does not name a template type
   internal::CallOpSet<internal::CallOpSendInitialMetadata,
             ^
In file included from /usr/local/include/grpcpp/impl/codegen/rpc_service_method.h:30:0,
                 from /usr/local/include/grpcpp/impl/codegen/service_type.h:24,
                 from /usr/local/include/grpcpp/impl/codegen/async_stream.h:26,
                 from rpc.grpc.pb.h:9,
                 from rpc.grpc.pb.cc:6:
/usr/local/include/grpcpp/impl/codegen/rpc_method.h:42:24: error: ‘shared_ptr’ in namespace ‘std’ does not name a template type
             const std::shared_ptr<ChannelInterface>& channel)
                        ^
/usr/local/include/grpcpp/impl/codegen/rpc_method.h:42:34: error: expected ‘,’ or ‘...’ before ‘<’ token
             const std::shared_ptr<ChannelInterface>& channel)
                                  ^
/usr/local/include/grpcpp/impl/codegen/rpc_method.h: In constructor ‘grpc::internal::RpcMethod::RpcMethod(const char*, grpc::internal::RpcMethod::RpcType, int)’:
/usr/local/include/grpcpp/impl/codegen/rpc_method.h:45:22: error: ‘channel’ was not declared in this scope
         channel_tag_(channel->RegisterMethod(name)) {}
                      ^
In file included from /usr/local/include/grpcpp/impl/codegen/service_type.h:24:0,
                 from /usr/local/include/grpcpp/impl/codegen/async_stream.h:26,
                 from rpc.grpc.pb.h:9,
                 from rpc.grpc.pb.cc:6:
/usr/local/include/grpcpp/impl/codegen/rpc_service_method.h: At global scope:
/usr/local/include/grpcpp/impl/codegen/rpc_service_method.h:72:8: error: ‘unique_ptr’ in namespace ‘std’ does not name a template type
   std::unique_ptr<MethodHandler> handler_;
        ^
/usr/local/include/grpcpp/impl/codegen/rpc_service_method.h: In constructor ‘grpc::internal::RpcServiceMethod::RpcServiceMethod(const char*, grpc::internal::RpcMethod::RpcType, grpc::internal::MethodHandler*)’:
/usr/local/include/grpcpp/impl/codegen/rpc_service_method.h:61:44: error: ‘nullptr’ was not declared in this scope
       : RpcMethod(name, type), server_tag_(nullptr), handler_(handler) {}
                                            ^
/usr/local/include/grpcpp/impl/codegen/rpc_service_method.h:61:54: error: class ‘grpc::internal::RpcServiceMethod’ does not have any field named ‘handler_’
       : RpcMethod(name, type), server_tag_(nullptr), handler_(handler) {}
                                                      ^
/usr/local/include/grpcpp/impl/codegen/rpc_service_method.h: In member function ‘grpc::internal::MethodHandler* grpc::internal::RpcServiceMethod::handler() const’:
/usr/local/include/grpcpp/impl/codegen/rpc_service_method.h:66:43: error: ‘handler_’ was not declared in this scope
   MethodHandler* handler() const { return handler_.get(); }
                                           ^
/usr/local/include/grpcpp/impl/codegen/rpc_service_method.h: In member function ‘void grpc::internal::RpcServiceMethod::ResetHandler()’:
/usr/local/include/grpcpp/impl/codegen/rpc_service_method.h:67:25: error: ‘handler_’ was not declared in this scope
   void ResetHandler() { handler_.reset(); }
                         ^
/usr/local/include/grpcpp/impl/codegen/rpc_service_method.h: In member function ‘void grpc::internal::RpcServiceMethod::SetHandler(grpc::internal::MethodHandler*)’:
/usr/local/include/grpcpp/impl/codegen/rpc_service_method.h:68:45: error: ‘handler_’ was not declared in this scope
   void SetHandler(MethodHandler* handler) { handler_.reset(handler); }
                                             ^
In file included from /usr/local/include/grpcpp/impl/codegen/service_type.h:26:0,
                 from /usr/local/include/grpcpp/impl/codegen/async_stream.h:26,
                 from rpc.grpc.pb.h:9,
                 from rpc.grpc.pb.cc:6:
/usr/local/include/grpcpp/impl/codegen/server_interface.h: In constructor ‘grpc::ServerInterface::NoPayloadAsyncRequest::NoPayloadAsyncRequest(void*, grpc::ServerInterface*, grpc::ServerContext*, grpc::internal::ServerAsyncStreamingInterface*, grpc::CompletionQueue*, grpc::ServerCompletionQueue*, void*)’:
/usr/local/include/grpcpp/impl/codegen/server_interface.h:165:39: error: ‘nullptr’ was not declared in this scope
       IssueRequest(registered_method, nullptr, notification_cq);
                                       ^
/usr/local/include/grpcpp/impl/codegen/server_interface.h: In member function ‘bool grpc::ServerInterface::PayloadAsyncRequest<Message>::FinalizeResult(void**, bool*)’:
/usr/local/include/grpcpp/impl/codegen/server_interface.h:206:71: error: ‘nullptr’ was not declared in this scope
               call_, GRPC_STATUS_INTERNAL, "Unable to parse request", nullptr);
                                                                       ^
In file included from /usr/local/include/grpcpp/impl/codegen/async_stream.h:26:0,
                 from rpc.grpc.pb.h:9,
                 from rpc.grpc.pb.cc:6:
/usr/local/include/grpcpp/impl/codegen/service_type.h: At global scope:
/usr/local/include/grpcpp/impl/codegen/service_type.h:158:15: error: ‘unique_ptr’ is not a member of ‘std’
   std::vector<std::unique_ptr<internal::RpcServiceMethod>> methods_;
               ^
/usr/local/include/grpcpp/impl/codegen/service_type.h:158:15: error: ‘unique_ptr’ is not a member of ‘std’
/usr/local/include/grpcpp/impl/codegen/service_type.h:158:60: error: ‘methods_’ was not declared in this scope
   std::vector<std::unique_ptr<internal::RpcServiceMethod>> methods_;
                                                            ^
/usr/local/include/grpcpp/impl/codegen/service_type.h:158:60: error: template argument 1 is invalid
/usr/local/include/grpcpp/impl/codegen/service_type.h:158:60: error: template argument 2 is invalid
/usr/local/include/grpcpp/impl/codegen/service_type.h: In constructor ‘grpc::Service::Service()’:
/usr/local/include/grpcpp/impl/codegen/service_type.h:60:23: error: ‘nullptr’ was not declared in this scope
   Service() : server_(nullptr) {}
                       ^
/usr/local/include/grpcpp/impl/codegen/service_type.h: In member function ‘bool grpc::Service::has_async_methods() const’:
/usr/local/include/grpcpp/impl/codegen/service_type.h:64:15: error: ‘it’ does not name a type
     for (auto it = methods_.begin(); it != methods_.end(); ++it) {
               ^
/usr/local/include/grpcpp/impl/codegen/service_type.h:64:38: error: expected ‘;’ before ‘it’
     for (auto it = methods_.begin(); it != methods_.end(); ++it) {
                                      ^
/usr/local/include/grpcpp/impl/codegen/service_type.h:64:38: error: ‘it’ was not declared in this scope
/usr/local/include/grpcpp/impl/codegen/service_type.h:64:44: error: ‘methods_’ was not declared in this scope
     for (auto it = methods_.begin(); it != methods_.end(); ++it) {
                                            ^
/usr/local/include/grpcpp/impl/codegen/service_type.h:65:38: error: ‘nullptr’ was not declared in this scope
       if (*it && (*it)->handler() == nullptr) {
                                      ^
/usr/local/include/grpcpp/impl/codegen/service_type.h: In member function ‘bool grpc::Service::has_synchronous_methods() const’:
/usr/local/include/grpcpp/impl/codegen/service_type.h:73:15: error: ‘it’ does not name a type
     for (auto it = methods_.begin(); it != methods_.end(); ++it) {
               ^
/usr/local/include/grpcpp/impl/codegen/service_type.h:73:38: error: expected ‘;’ before ‘it’
     for (auto it = methods_.begin(); it != methods_.end(); ++it) {
                                      ^
/usr/local/include/grpcpp/impl/codegen/service_type.h:73:38: error: ‘it’ was not declared in this scope
/usr/local/include/grpcpp/impl/codegen/service_type.h:73:44: error: ‘methods_’ was not declared in this scope
     for (auto it = methods_.begin(); it != methods_.end(); ++it) {
                                            ^
/usr/local/include/grpcpp/impl/codegen/service_type.h:74:38: error: ‘nullptr’ was not declared in this scope
       if (*it && (*it)->handler() != nullptr) {
                                      ^
/usr/local/include/grpcpp/impl/codegen/service_type.h: In member function ‘bool grpc::Service::has_generic_methods() const’:
/usr/local/include/grpcpp/impl/codegen/service_type.h:82:15: error: ‘it’ does not name a type
     for (auto it = methods_.begin(); it != methods_.end(); ++it) {
               ^
/usr/local/include/grpcpp/impl/codegen/service_type.h:82:38: error: expected ‘;’ before ‘it’
     for (auto it = methods_.begin(); it != methods_.end(); ++it) {
                                      ^
/usr/local/include/grpcpp/impl/codegen/service_type.h:82:38: error: ‘it’ was not declared in this scope
/usr/local/include/grpcpp/impl/codegen/service_type.h:82:44: error: ‘methods_’ was not declared in this scope
     for (auto it = methods_.begin(); it != methods_.end(); ++it) {
                                            ^
/usr/local/include/grpcpp/impl/codegen/service_type.h:83:24: error: ‘nullptr’ was not declared in this scope
       if (it->get() == nullptr) {
                        ^
/usr/local/include/grpcpp/impl/codegen/service_type.h: In member function ‘void grpc::Service::RequestAsyncUnary(int, grpc::ServerContext*, Message*, grpc::internal::ServerAsyncStreamingInterface*, grpc::CompletionQueue*, grpc::ServerCompletionQueue*, void*)’:
/usr/local/include/grpcpp/impl/codegen/service_type.h:96:31: error: ‘methods_’ was not declared in this scope
     server_->RequestAsyncCall(methods_[index].get(), context, stream, call_cq,
                               ^
/usr/local/include/grpcpp/impl/codegen/service_type.h: In member function ‘void grpc::Service::RequestAsyncClientStreaming(int, grpc::ServerContext*, grpc::internal::ServerAsyncStreamingInterface*, grpc::CompletionQueue*, grpc::ServerCompletionQueue*, void*)’:
/usr/local/include/grpcpp/impl/codegen/service_type.h:103:31: error: ‘methods_’ was not declared in this scope
     server_->RequestAsyncCall(methods_[index].get(), context, stream, call_cq,
                               ^
/usr/local/include/grpcpp/impl/codegen/service_type.h: In member function ‘void grpc::Service::RequestAsyncServerStreaming(int, grpc::ServerContext*, Message*, grpc::internal::ServerAsyncStreamingInterface*, grpc::CompletionQueue*, grpc::ServerCompletionQueue*, void*)’:
/usr/local/include/grpcpp/impl/codegen/service_type.h:111:31: error: ‘methods_’ was not declared in this scope
     server_->RequestAsyncCall(methods_[index].get(), context, stream, call_cq,
                               ^
/usr/local/include/grpcpp/impl/codegen/service_type.h: In member function ‘void grpc::Service::RequestAsyncBidiStreaming(int, grpc::ServerContext*, grpc::internal::ServerAsyncStreamingInterface*, grpc::CompletionQueue*, grpc::ServerCompletionQueue*, void*)’:
/usr/local/include/grpcpp/impl/codegen/service_type.h:118:31: error: ‘methods_’ was not declared in this scope
     server_->RequestAsyncCall(methods_[index].get(), context, stream, call_cq,
                               ^
/usr/local/include/grpcpp/impl/codegen/service_type.h: In member function ‘void grpc::Service::AddMethod(grpc::internal::RpcServiceMethod*)’:
/usr/local/include/grpcpp/impl/codegen/service_type.h:123:5: error: ‘methods_’ was not declared in this scope
     methods_.emplace_back(method);
     ^
In file included from /usr/local/include/grpcpp/impl/codegen/byte_buffer.h:25:0,
                 from /usr/local/include/grpcpp/impl/codegen/call.h:28,
                 from /usr/local/include/grpcpp/impl/codegen/async_stream.h:22,
                 from rpc.grpc.pb.h:9,
                 from rpc.grpc.pb.cc:6:
/usr/local/include/grpcpp/impl/codegen/service_type.h: In member function ‘void grpc::Service::MarkMethodAsync(int)’:
/usr/local/include/grpcpp/impl/codegen/service_type.h:127:5: error: ‘methods_’ was not declared in this scope
     GPR_CODEGEN_ASSERT(
     ^
/usr/local/include/grpcpp/impl/codegen/service_type.h:127:5: error: ‘nullptr’ was not declared in this scope
     GPR_CODEGEN_ASSERT(
     ^
In file included from /usr/local/include/grpcpp/impl/codegen/async_stream.h:26:0,
                 from rpc.grpc.pb.h:9,
                 from rpc.grpc.pb.cc:6:
/usr/local/include/grpcpp/impl/codegen/service_type.h:131:5: error: ‘methods_’ was not declared in this scope
     methods_[index]->ResetHandler();
     ^
In file included from /usr/local/include/grpcpp/impl/codegen/byte_buffer.h:25:0,
                 from /usr/local/include/grpcpp/impl/codegen/call.h:28,
                 from /usr/local/include/grpcpp/impl/codegen/async_stream.h:22,
                 from rpc.grpc.pb.h:9,
                 from rpc.grpc.pb.cc:6:
/usr/local/include/grpcpp/impl/codegen/service_type.h: In member function ‘void grpc::Service::MarkMethodGeneric(int)’:
/usr/local/include/grpcpp/impl/codegen/service_type.h:135:5: error: ‘methods_’ was not declared in this scope
     GPR_CODEGEN_ASSERT(
     ^
/usr/local/include/grpcpp/impl/codegen/service_type.h:135:5: error: ‘nullptr’ was not declared in this scope
     GPR_CODEGEN_ASSERT(
     ^
In file included from /usr/local/include/grpcpp/impl/codegen/async_stream.h:26:0,
                 from rpc.grpc.pb.h:9,
                 from rpc.grpc.pb.cc:6:
/usr/local/include/grpcpp/impl/codegen/service_type.h:139:5: error: ‘methods_’ was not declared in this scope
     methods_[index].reset();
     ^
In file included from /usr/local/include/grpcpp/impl/codegen/byte_buffer.h:25:0,
                 from /usr/local/include/grpcpp/impl/codegen/call.h:28,
                 from /usr/local/include/grpcpp/impl/codegen/async_stream.h:22,
                 from rpc.grpc.pb.h:9,
                 from rpc.grpc.pb.cc:6:
/usr/local/include/grpcpp/impl/codegen/service_type.h: In member function ‘void grpc::Service::MarkMethodStreamed(int, grpc::internal::MethodHandler*)’:
/usr/local/include/grpcpp/impl/codegen/service_type.h:143:5: error: ‘methods_’ was not declared in this scope
     GPR_CODEGEN_ASSERT(methods_[index] && methods_[index]->handler() &&
     ^
In file included from /usr/local/include/grpcpp/impl/codegen/async_stream.h:26:0,
                 from rpc.grpc.pb.h:9,
                 from rpc.grpc.pb.cc:6:
/usr/local/include/grpcpp/impl/codegen/service_type.h:145:5: error: ‘methods_’ was not declared in this scope
     methods_[index]->SetHandler(streamed_method);
     ^
In file included from rpc.grpc.pb.h:9:0,
                 from rpc.grpc.pb.cc:6:
/usr/local/include/grpcpp/impl/codegen/async_stream.h: At global scope:
/usr/local/include/grpcpp/impl/codegen/async_stream.h:272:21: error: ‘CallOpSet’ in namespace ‘grpc::internal’ does not name a type
   ::grpc::internal::CallOpSet<::grpc::internal::CallOpSendInitialMetadata,
                     ^
/usr/local/include/grpcpp/impl/codegen/async_stream.h:276:21: error: ‘CallOpSet’ in namespace ‘grpc::internal’ does not name a type
   ::grpc::internal::CallOpSet<::grpc::internal::CallOpRecvInitialMetadata>
                     ^
/usr/local/include/grpcpp/impl/codegen/async_stream.h:278:21: error: ‘CallOpSet’ in namespace ‘grpc::internal’ does not name a type
   ::grpc::internal::CallOpSet<::grpc::internal::CallOpRecvInitialMetadata,
                     ^
/usr/local/include/grpcpp/impl/codegen/async_stream.h:281:21: error: ‘CallOpSet’ in namespace ‘grpc::internal’ does not name a type
   ::grpc::internal::CallOpSet<::grpc::internal::CallOpRecvInitialMetadata,
                     ^
/usr/local/include/grpcpp/impl/codegen/async_stream.h: In member function ‘void grpc::ClientAsyncReader<R>::ReadInitialMetadata(void*)’:
/usr/local/include/grpcpp/impl/codegen/async_stream.h:216:5: error: ‘meta_ops_’ was not declared in this scope
     meta_ops_.set_output_tag(tag);
     ^
/usr/local/include/grpcpp/impl/codegen/async_stream.h: In member function ‘void grpc::ClientAsyncReader<R>::Read(R*, void*)’:
/usr/local/include/grpcpp/impl/codegen/async_stream.h:223:5: error: ‘read_ops_’ was not declared in this scope
     read_ops_.set_output_tag(tag);
     ^
/usr/local/include/grpcpp/impl/codegen/async_stream.h: In member function ‘void grpc::ClientAsyncReader<R>::Finish(grpc::Status*, void*)’:
/usr/local/include/grpcpp/impl/codegen/async_stream.h:238:5: error: ‘finish_ops_’ was not declared in this scope
     finish_ops_.set_output_tag(tag);
     ^
In file included from /usr/local/include/grpcpp/impl/codegen/byte_buffer.h:25:0,
                 from /usr/local/include/grpcpp/impl/codegen/call.h:28,
                 from /usr/local/include/grpcpp/impl/codegen/async_stream.h:22,
                 from rpc.grpc.pb.h:9,
                 from rpc.grpc.pb.cc:6:
/usr/local/include/grpcpp/impl/codegen/async_stream.h: In constructor ‘grpc::ClientAsyncReader<R>::ClientAsyncReader(grpc::internal::Call, grpc::ClientContext*, const W&, bool, void*)’:
/usr/local/include/grpcpp/impl/codegen/async_stream.h:253:5: error: ‘init_ops_’ was not declared in this scope
     GPR_CODEGEN_ASSERT(init_ops_.SendMessage(request).ok());
     ^
In file included from rpc.grpc.pb.h:9:0,
                 from rpc.grpc.pb.cc:6:
/usr/local/include/grpcpp/impl/codegen/async_stream.h:254:5: error: ‘init_ops_’ was not declared in this scope
     init_ops_.ClientSendClose();
     ^
In file included from /usr/local/include/grpcpp/impl/codegen/call.h:22:0,
                 from /usr/local/include/grpcpp/impl/codegen/async_stream.h:22,
                 from rpc.grpc.pb.h:9,
                 from rpc.grpc.pb.cc:6:
/usr/local/include/grpcpp/impl/codegen/async_stream.h:258:7: error: ‘nullptr’ was not declared in this scope
       assert(tag == nullptr);
       ^
In file included from rpc.grpc.pb.h:9:0,
                 from rpc.grpc.pb.cc:6:
/usr/local/include/grpcpp/impl/codegen/async_stream.h: In member function ‘void grpc::ClientAsyncReader<R>::StartCallInternal(void*)’:
/usr/local/include/grpcpp/impl/codegen/async_stream.h:263:5: error: ‘init_ops_’ was not declared in this scope
     init_ops_.SendInitialMetadata(context_->send_initial_metadata_,
     ^
/usr/local/include/grpcpp/impl/codegen/async_stream.h: At global scope:
/usr/local/include/grpcpp/impl/codegen/async_stream.h:434:21: error: ‘CallOpSet’ in namespace ‘grpc::internal’ does not name a type
   ::grpc::internal::CallOpSet<::grpc::internal::CallOpRecvInitialMetadata>
                     ^
/usr/local/include/grpcpp/impl/codegen/async_stream.h:436:21: error: ‘CallOpSet’ in namespace ‘grpc::internal’ does not name a type
   ::grpc::internal::CallOpSet<::grpc::internal::CallOpSendInitialMetadata,
                     ^
/usr/local/include/grpcpp/impl/codegen/async_stream.h:440:21: error: ‘CallOpSet’ in namespace ‘grpc::internal’ does not name a type
   ::grpc::internal::CallOpSet<::grpc::internal::CallOpRecvInitialMetadata,
                     ^
/usr/local/include/grpcpp/impl/codegen/async_stream.h: In member function ‘void grpc::ClientAsyncWriter<W>::ReadInitialMetadata(void*)’:
/usr/local/include/grpcpp/impl/codegen/async_stream.h:356:5: error: ‘meta_ops_’ was not declared in this scope
     meta_ops_.set_output_tag(tag);
     ^
/usr/local/include/grpcpp/impl/codegen/async_stream.h: In member function ‘void grpc::ClientAsyncWriter<W>::Write(const W&, void*)’:
/usr/local/include/grpcpp/impl/codegen/async_stream.h:363:5: error: ‘write_ops_’ was not declared in this scope
     write_ops_.set_output_tag(tag);
     ^
/usr/local/include/grpcpp/impl/codegen/async_stream.h: In member function ‘void grpc::ClientAsyncWriter<W>::Write(const W&, grpc::WriteOptions, void*)’:
/usr/local/include/grpcpp/impl/codegen/async_stream.h:371:5: error: ‘write_ops_’ was not declared in this scope
     write_ops_.set_output_tag(tag);
     ^
/usr/local/include/grpcpp/impl/codegen/async_stream.h: In member function ‘void grpc::ClientAsyncWriter<W>::WritesDone(void*)’:
/usr/local/include/grpcpp/impl/codegen/async_stream.h:383:5: error: ‘write_ops_’ was not declared in this scope
     write_ops_.set_output_tag(tag);
     ^
/usr/local/include/grpcpp/impl/codegen/async_stream.h: In member function ‘void grpc::ClientAsyncWriter<W>::Finish(grpc::Status*, void*)’:
/usr/local/include/grpcpp/impl/codegen/async_stream.h:397:5: error: ‘finish_ops_’ was not declared in this scope
     finish_ops_.set_output_tag(tag);
     ^
/usr/local/include/grpcpp/impl/codegen/async_stream.h: In constructor ‘grpc::ClientAsyncWriter<W>::ClientAsyncWriter(grpc::internal::Call, grpc::ClientContext*, R*, bool, void*)’:
/usr/local/include/grpcpp/impl/codegen/async_stream.h:411:5: error: ‘finish_ops_’ was not declared in this scope
     finish_ops_.RecvMessage(response);
     ^
In file included from /usr/local/include/grpcpp/impl/codegen/call.h:22:0,
                 from /usr/local/include/grpcpp/impl/codegen/async_stream.h:22,
                 from rpc.grpc.pb.h:9,
                 from rpc.grpc.pb.cc:6:
/usr/local/include/grpcpp/impl/codegen/async_stream.h:416:7: error: ‘nullptr’ was not declared in this scope
       assert(tag == nullptr);
       ^
In file included from rpc.grpc.pb.h:9:0,
                 from rpc.grpc.pb.cc:6:
/usr/local/include/grpcpp/impl/codegen/async_stream.h: In member function ‘void grpc::ClientAsyncWriter<W>::StartCallInternal(void*)’:
/usr/local/include/grpcpp/impl/codegen/async_stream.h:421:5: error: ‘write_ops_’ was not declared in this scope
     write_ops_.SendInitialMetadata(context_->send_initial_metadata_,
     ^
/usr/local/include/grpcpp/impl/codegen/async_stream.h: At global scope:
/usr/local/include/grpcpp/impl/codegen/async_stream.h:598:21: error: ‘CallOpSet’ in namespace ‘grpc::internal’ does not name a type
   ::grpc::internal::CallOpSet<::grpc::internal::CallOpRecvInitialMetadata>
                     ^
/usr/local/include/grpcpp/impl/codegen/async_stream.h:600:21: error: ‘CallOpSet’ in namespace ‘grpc::internal’ does not name a type
   ::grpc::internal::CallOpSet<::grpc::internal::CallOpRecvInitialMetadata,
                     ^
/usr/local/include/grpcpp/impl/codegen/async_stream.h:603:21: error: ‘CallOpSet’ in namespace ‘grpc::internal’ does not name a type
   ::grpc::internal::CallOpSet<::grpc::internal::CallOpSendInitialMetadata,
                     ^
/usr/local/include/grpcpp/impl/codegen/async_stream.h:607:21: error: ‘CallOpSet’ in namespace ‘grpc::internal’ does not name a type
   ::grpc::internal::CallOpSet<::grpc::internal::CallOpRecvInitialMetadata,
                     ^
/usr/local/include/grpcpp/impl/codegen/async_stream.h: In member function ‘void grpc::ClientAsyncReaderWriter<W, R>::ReadInitialMetadata(void*)’:
/usr/local/include/grpcpp/impl/codegen/async_stream.h:516:5: error: ‘meta_ops_’ was not declared in this scope
     meta_ops_.set_output_tag(tag);
     ^
/usr/local/include/grpcpp/impl/codegen/async_stream.h: In member function ‘void grpc::ClientAsyncReaderWriter<W, R>::Read(R*, void*)’:
/usr/local/include/grpcpp/impl/codegen/async_stream.h:523:5: error: ‘read_ops_’ was not declared in this scope
     read_ops_.set_output_tag(tag);
     ^
/usr/local/include/grpcpp/impl/codegen/async_stream.h: In member function ‘void grpc::ClientAsyncReaderWriter<W, R>::Write(const W&, void*)’:
/usr/local/include/grpcpp/impl/codegen/async_stream.h:533:5: error: ‘write_ops_’ was not declared in this scope
     write_ops_.set_output_tag(tag);
     ^
/usr/local/include/grpcpp/impl/codegen/async_stream.h: In member function ‘void grpc::ClientAsyncReaderWriter<W, R>::Write(const W&, grpc::WriteOptions, void*)’:
/usr/local/include/grpcpp/impl/codegen/async_stream.h:541:5: error: ‘write_ops_’ was not declared in this scope
     write_ops_.set_output_tag(tag);
     ^
/usr/local/include/grpcpp/impl/codegen/async_stream.h: In member function ‘void grpc::ClientAsyncReaderWriter<W, R>::WritesDone(void*)’:
/usr/local/include/grpcpp/impl/codegen/async_stream.h:553:5: error: ‘write_ops_’ was not declared in this scope
     write_ops_.set_output_tag(tag);
     ^
/usr/local/include/grpcpp/impl/codegen/async_stream.h: In member function ‘void grpc::ClientAsyncReaderWriter<W, R>::Finish(grpc::Status*, void*)’:
/usr/local/include/grpcpp/impl/codegen/async_stream.h:564:5: error: ‘finish_ops_’ was not declared in this scope
     finish_ops_.set_output_tag(tag);
     ^
In file included from /usr/local/include/grpcpp/impl/codegen/call.h:22:0,
                 from /usr/local/include/grpcpp/impl/codegen/async_stream.h:22,
                 from rpc.grpc.pb.h:9,
                 from rpc.grpc.pb.cc:6:
/usr/local/include/grpcpp/impl/codegen/async_stream.h: In constructor ‘grpc::ClientAsyncReaderWriter<W, R>::ClientAsyncReaderWriter(grpc::internal::Call, grpc::ClientContext*, bool, void*)’:
/usr/local/include/grpcpp/impl/codegen/async_stream.h:580:7: error: ‘nullptr’ was not declared in this scope
       assert(tag == nullptr);
       ^
In file included from rpc.grpc.pb.h:9:0,
                 from rpc.grpc.pb.cc:6:
/usr/local/include/grpcpp/impl/codegen/async_stream.h: In member function ‘void grpc::ClientAsyncReaderWriter<W, R>::StartCallInternal(void*)’:
/usr/local/include/grpcpp/impl/codegen/async_stream.h:585:5: error: ‘write_ops_’ was not declared in this scope
     write_ops_.SendInitialMetadata(context_->send_initial_metadata_,
     ^
/usr/local/include/grpcpp/impl/codegen/async_stream.h: At global scope:
/usr/local/include/grpcpp/impl/codegen/async_stream.h:746:21: error: ‘CallOpSet’ in namespace ‘grpc::internal’ does not name a type
   ::grpc::internal::CallOpSet<::grpc::internal::CallOpSendInitialMetadata>
                     ^
/usr/local/include/grpcpp/impl/codegen/async_stream.h:748:21: error: ‘CallOpSet’ in namespace ‘grpc::internal’ does not name a type
   ::grpc::internal::CallOpSet<::grpc::internal::CallOpRecvMessage<R>> read_ops_;
                     ^
/usr/local/include/grpcpp/impl/codegen/async_stream.h:749:21: error: ‘CallOpSet’ in namespace ‘grpc::internal’ does not name a type
   ::grpc::internal::CallOpSet<::grpc::internal::CallOpSendInitialMetadata,
                     ^
/usr/local/include/grpcpp/impl/codegen/async_stream.h: In constructor ‘grpc::ServerAsyncReader<W, R>::ServerAsyncReader(grpc::ServerContext*)’:
/usr/local/include/grpcpp/impl/codegen/async_stream.h:666:15: error: ‘nullptr’ was not declared in this scope
       : call_(nullptr, nullptr, nullptr), ctx_(ctx) {}
               ^
/usr/local/include/grpcpp/impl/codegen/async_stream.h: In member function ‘void grpc::ServerAsyncReader<W, R>::SendInitialMetadata(void*)’:
/usr/local/include/grpcpp/impl/codegen/async_stream.h:676:5: error: ‘meta_ops_’ was not declared in this scope
     meta_ops_.set_output_tag(tag);
     ^
/usr/local/include/grpcpp/impl/codegen/async_stream.h: In member function ‘void grpc::ServerAsyncReader<W, R>::Read(R*, void*)’:
/usr/local/include/grpcpp/impl/codegen/async_stream.h:687:5: error: ‘read_ops_’ was not declared in this scope
     read_ops_.set_output_tag(tag);
     ^
/usr/local/include/grpcpp/impl/codegen/async_stream.h: In member function ‘void grpc::ServerAsyncReader<W, R>::Finish(const W&, const grpc::Status&, void*)’:
/usr/local/include/grpcpp/impl/codegen/async_stream.h:701:5: error: ‘finish_ops_’ was not declared in this scope
     finish_ops_.set_output_tag(tag);
     ^
/usr/local/include/grpcpp/impl/codegen/async_stream.h: In member function ‘void grpc::ServerAsyncReader<W, R>::FinishWithError(const grpc::Status&, void*)’:
/usr/local/include/grpcpp/impl/codegen/async_stream.h:728:5: error: ‘finish_ops_’ was not declared in this scope
     finish_ops_.set_output_tag(tag);
     ^
/usr/local/include/grpcpp/impl/codegen/async_stream.h: At global scope:
/usr/local/include/grpcpp/impl/codegen/async_stream.h:892:21: error: ‘CallOpSet’ in namespace ‘grpc::internal’ does not name a type
   ::grpc::internal::CallOpSet<::grpc::internal::CallOpSendInitialMetadata>
                     ^
/usr/local/include/grpcpp/impl/codegen/async_stream.h:894:21: error: ‘CallOpSet’ in namespace ‘grpc::internal’ does not name a type
   ::grpc::internal::CallOpSet<::grpc::internal::CallOpSendInitialMetadata,
                     ^
/usr/local/include/grpcpp/impl/codegen/async_stream.h:898:21: error: ‘CallOpSet’ in namespace ‘grpc::internal’ does not name a type
   ::grpc::internal::CallOpSet<::grpc::internal::CallOpSendInitialMetadata,
                     ^
/usr/local/include/grpcpp/impl/codegen/async_stream.h: In constructor ‘grpc::ServerAsyncWriter<W>::ServerAsyncWriter(grpc::ServerContext*)’:
/usr/local/include/grpcpp/impl/codegen/async_stream.h:801:15: error: ‘nullptr’ was not declared in this scope
       : call_(nullptr, nullptr, nullptr), ctx_(ctx) {}
               ^
/usr/local/include/grpcpp/impl/codegen/async_stream.h: In member function ‘void grpc::ServerAsyncWriter<W>::SendInitialMetadata(void*)’:
/usr/local/include/grpcpp/impl/codegen/async_stream.h:813:5: error: ‘meta_ops_’ was not declared in this scope
     meta_ops_.set_output_tag(tag);
     ^
/usr/local/include/grpcpp/impl/codegen/async_stream.h: In member function ‘void grpc::ServerAsyncWriter<W>::Write(const W&, void*)’:
/usr/local/include/grpcpp/impl/codegen/async_stream.h:824:5: error: ‘write_ops_’ was not declared in this scope
     write_ops_.set_output_tag(tag);
     ^
/usr/local/include/grpcpp/impl/codegen/async_stream.h: In member function ‘void grpc::ServerAsyncWriter<W>::Write(const W&, grpc::WriteOptions, void*)’:
/usr/local/include/grpcpp/impl/codegen/async_stream.h:832:5: error: ‘write_ops_’ was not declared in this scope
     write_ops_.set_output_tag(tag);
     ^
/usr/local/include/grpcpp/impl/codegen/async_stream.h: In member function ‘void grpc::ServerAsyncWriter<W>::WriteAndFinish(const W&, grpc::WriteOptions, const grpc::Status&, void*)’:
/usr/local/include/grpcpp/impl/codegen/async_stream.h:852:5: error: ‘write_ops_’ was not declared in this scope
     write_ops_.set_output_tag(tag);
     ^
/usr/local/include/grpcpp/impl/codegen/async_stream.h: In member function ‘void grpc::ServerAsyncWriter<W>::Finish(const grpc::Status&, void*)’:
/usr/local/include/grpcpp/impl/codegen/async_stream.h:869:5: error: ‘finish_ops_’ was not declared in this scope
     finish_ops_.set_output_tag(tag);
     ^
/usr/local/include/grpcpp/impl/codegen/async_stream.h: At global scope:
/usr/local/include/grpcpp/impl/codegen/async_stream.h:1054:21: error: ‘CallOpSet’ in namespace ‘grpc::internal’ does not name a type
   ::grpc::internal::CallOpSet<::grpc::internal::CallOpSendInitialMetadata>
                     ^
/usr/local/include/grpcpp/impl/codegen/async_stream.h:1056:21: error: ‘CallOpSet’ in namespace ‘grpc::internal’ does not name a type
   ::grpc::internal::CallOpSet<::grpc::internal::CallOpRecvMessage<R>> read_ops_;
                     ^
/usr/local/include/grpcpp/impl/codegen/async_stream.h:1057:21: error: ‘CallOpSet’ in namespace ‘grpc::internal’ does not name a type
   ::grpc::internal::CallOpSet<::grpc::internal::CallOpSendInitialMetadata,
                     ^
/usr/local/include/grpcpp/impl/codegen/async_stream.h:1061:21: error: ‘CallOpSet’ in namespace ‘grpc::internal’ does not name a type
   ::grpc::internal::CallOpSet<::grpc::internal::CallOpSendInitialMetadata,
                     ^
/usr/local/include/grpcpp/impl/codegen/async_stream.h: In constructor ‘grpc::ServerAsyncReaderWriter<W, R>::ServerAsyncReaderWriter(grpc::ServerContext*)’:
/usr/local/include/grpcpp/impl/codegen/async_stream.h:955:15: error: ‘nullptr’ was not declared in this scope
       : call_(nullptr, nullptr, nullptr), ctx_(ctx) {}
               ^
/usr/local/include/grpcpp/impl/codegen/async_stream.h: In member function ‘void grpc::ServerAsyncReaderWriter<W, R>::SendInitialMetadata(void*)’:
/usr/local/include/grpcpp/impl/codegen/async_stream.h:967:5: error: ‘meta_ops_’ was not declared in this scope
     meta_ops_.set_output_tag(tag);
     ^
/usr/local/include/grpcpp/impl/codegen/async_stream.h: In member function ‘void grpc::ServerAsyncReaderWriter<W, R>::Read(R*, void*)’:
/usr/local/include/grpcpp/impl/codegen/async_stream.h:978:5: error: ‘read_ops_’ was not declared in this scope
     read_ops_.set_output_tag(tag);
     ^
/usr/local/include/grpcpp/impl/codegen/async_stream.h: In member function ‘void grpc::ServerAsyncReaderWriter<W, R>::Write(const W&, void*)’:
/usr/local/include/grpcpp/impl/codegen/async_stream.h:984:5: error: ‘write_ops_’ was not declared in this scope
     write_ops_.set_output_tag(tag);
     ^
/usr/local/include/grpcpp/impl/codegen/async_stream.h: In member function ‘void grpc::ServerAsyncReaderWriter<W, R>::Write(const W&, grpc::WriteOptions, void*)’:
/usr/local/include/grpcpp/impl/codegen/async_stream.h:992:5: error: ‘write_ops_’ was not declared in this scope
     write_ops_.set_output_tag(tag);
     ^
/usr/local/include/grpcpp/impl/codegen/async_stream.h: In member function ‘void grpc::ServerAsyncReaderWriter<W, R>::WriteAndFinish(const W&, grpc::WriteOptions, const grpc::Status&, void*)’:
/usr/local/include/grpcpp/impl/codegen/async_stream.h:1011:5: error: ‘write_ops_’ was not declared in this scope
     write_ops_.set_output_tag(tag);
     ^
/usr/local/include/grpcpp/impl/codegen/async_stream.h: In member function ‘void grpc::ServerAsyncReaderWriter<W, R>::Finish(const grpc::Status&, void*)’:
/usr/local/include/grpcpp/impl/codegen/async_stream.h:1028:5: error: ‘finish_ops_’ was not declared in this scope
     finish_ops_.set_output_tag(tag);
     ^
In file included from rpc.grpc.pb.h:10:0,
                 from rpc.grpc.pb.cc:6:
/usr/local/include/grpcpp/impl/codegen/async_unary_call.h: At global scope:
/usr/local/include/grpcpp/impl/codegen/async_unary_call.h:185:21: error: ‘CallOpSet’ in namespace ‘grpc::internal’ does not name a type
   ::grpc::internal::CallOpSet<::grpc::internal::CallOpSendInitialMetadata,
                     ^
/usr/local/include/grpcpp/impl/codegen/async_unary_call.h:192:21: error: ‘CallOpSet’ in namespace ‘grpc::internal’ does not name a type
   ::grpc::internal::CallOpSet<::grpc::internal::CallOpRecvMessage<R>,
                     ^
/usr/local/include/grpcpp/impl/codegen/async_unary_call.h: In member function ‘void grpc::ClientAsyncResponseReader<R>::ReadInitialMetadata(void*)’:
/usr/local/include/grpcpp/impl/codegen/async_unary_call.h:129:5: error: ‘single_buf’ was not declared in this scope
     single_buf.set_output_tag(tag);
     ^
/usr/local/include/grpcpp/impl/codegen/async_unary_call.h: In member function ‘void grpc::ClientAsyncResponseReader<R>::Finish(R*, grpc::Status*, void*)’:
/usr/local/include/grpcpp/impl/codegen/async_unary_call.h:143:7: error: ‘finish_buf’ was not declared in this scope
       finish_buf.set_output_tag(tag);
       ^
/usr/local/include/grpcpp/impl/codegen/async_unary_call.h:149:7: error: ‘single_buf’ was not declared in this scope
       single_buf.set_output_tag(tag);
       ^
In file included from /usr/local/include/grpcpp/impl/codegen/byte_buffer.h:25:0,
                 from /usr/local/include/grpcpp/impl/codegen/call.h:28,
                 from /usr/local/include/grpcpp/impl/codegen/async_stream.h:22,
                 from rpc.grpc.pb.h:9,
                 from rpc.grpc.pb.cc:6:
/usr/local/include/grpcpp/impl/codegen/async_unary_call.h: In constructor ‘grpc::ClientAsyncResponseReader<R>::ClientAsyncResponseReader(grpc::internal::Call, grpc::ClientContext*, const W&, bool)’:
/usr/local/include/grpcpp/impl/codegen/async_unary_call.h:171:5: error: ‘single_buf’ was not declared in this scope
     GPR_CODEGEN_ASSERT(single_buf.SendMessage(request).ok());
     ^
In file included from rpc.grpc.pb.h:10:0,
                 from rpc.grpc.pb.cc:6:
/usr/local/include/grpcpp/impl/codegen/async_unary_call.h:172:5: error: ‘single_buf’ was not declared in this scope
     single_buf.ClientSendClose();
     ^
/usr/local/include/grpcpp/impl/codegen/async_unary_call.h: In member function ‘void grpc::ClientAsyncResponseReader<R>::StartCallInternal()’:
/usr/local/include/grpcpp/impl/codegen/async_unary_call.h:177:5: error: ‘single_buf’ was not declared in this scope
     single_buf.SendInitialMetadata(context_->send_initial_metadata_,
     ^
/usr/local/include/grpcpp/impl/codegen/async_unary_call.h: At global scope:
/usr/local/include/grpcpp/impl/codegen/async_unary_call.h:293:21: error: ‘CallOpSet’ in namespace ‘grpc::internal’ does not name a type
   ::grpc::internal::CallOpSet<::grpc::internal::CallOpSendInitialMetadata>
                     ^
/usr/local/include/grpcpp/impl/codegen/async_unary_call.h:295:21: error: ‘CallOpSet’ in namespace ‘grpc::internal’ does not name a type
   ::grpc::internal::CallOpSet<::grpc::internal::CallOpSendInitialMetadata,
                     ^
/usr/local/include/grpcpp/impl/codegen/async_unary_call.h: In constructor ‘grpc::ServerAsyncResponseWriter<W>::ServerAsyncResponseWriter(grpc::ServerContext*)’:
/usr/local/include/grpcpp/impl/codegen/async_unary_call.h:204:15: error: ‘nullptr’ was not declared in this scope
       : call_(nullptr, nullptr, nullptr), ctx_(ctx) {}
               ^
/usr/local/include/grpcpp/impl/codegen/async_unary_call.h: In member function ‘void grpc::ServerAsyncResponseWriter<W>::SendInitialMetadata(void*)’:
/usr/local/include/grpcpp/impl/codegen/async_unary_call.h:216:5: error: ‘meta_buf_’ was not declared in this scope
     meta_buf_.set_output_tag(tag);
     ^
/usr/local/include/grpcpp/impl/codegen/async_unary_call.h: In member function ‘void grpc::ServerAsyncResponseWriter<W>::Finish(const W&, const grpc::Status&, void*)’:
/usr/local/include/grpcpp/impl/codegen/async_unary_call.h:242:5: error: ‘finish_buf_’ was not declared in this scope
     finish_buf_.set_output_tag(tag);
     ^
/usr/local/include/grpcpp/impl/codegen/async_unary_call.h: In member function ‘void grpc::ServerAsyncResponseWriter<W>::FinishWithError(const grpc::Status&, void*)’:
/usr/local/include/grpcpp/impl/codegen/async_unary_call.h:275:5: error: ‘finish_buf_’ was not declared in this scope
     finish_buf_.set_output_tag(tag);
     ^
/usr/local/include/grpcpp/impl/codegen/async_unary_call.h: At global scope:
/usr/local/include/grpcpp/impl/codegen/async_unary_call.h:305:7: error: ‘default_delete’ is not a class template
 class default_delete<grpc::ClientAsyncResponseReader<R>> {
       ^
/usr/local/include/grpcpp/impl/codegen/async_unary_call.h:305:55: error: ‘>>’ should be ‘> >’ within a nested template argument list
 class default_delete<grpc::ClientAsyncResponseReader<R>> {
                                                       ^
/usr/local/include/grpcpp/impl/codegen/async_unary_call.h:310:64: error: ‘>>’ should be ‘> >’ within a nested template argument list
 class default_delete<grpc::ClientAsyncResponseReaderInterface<R>> {
                                                                ^
In file included from /usr/local/include/grpcpp/impl/codegen/sync_stream.h:25:0,
                 from /usr/local/include/grpcpp/impl/codegen/method_handler_impl.h:25,
                 from rpc.grpc.pb.h:11,
                 from rpc.grpc.pb.cc:6:
/usr/local/include/grpcpp/impl/codegen/completion_queue.h:205:31: error: expected ‘,’ or ‘...’ before ‘&&’ token
   NextStatus DoThenAsyncNext(F&& f, void** tag, bool* ok, const T& deadline) {
                               ^
/usr/local/include/grpcpp/impl/codegen/completion_queue.h: In member function ‘grpc::CompletionQueue::NextStatus grpc::CompletionQueue::DoThenAsyncNext(F)’:
/usr/local/include/grpcpp/impl/codegen/completion_queue.h:207:7: error: there are no arguments to ‘f’ that depend on a template parameter, so a declaration of ‘f’ must be available [-fpermissive]
     f();
       ^
/usr/local/include/grpcpp/impl/codegen/completion_queue.h:207:7: note: (if you use ‘-fpermissive’, G++ will accept your code, but allowing the use of an undeclared name is deprecated)
/usr/local/include/grpcpp/impl/codegen/completion_queue.h:208:21: error: ‘tag’ was not declared in this scope
     if (cache.Flush(tag, ok)) {
                     ^
/usr/local/include/grpcpp/impl/codegen/completion_queue.h:208:26: error: ‘ok’ was not declared in this scope
     if (cache.Flush(tag, ok)) {
                          ^
/usr/local/include/grpcpp/impl/codegen/completion_queue.h:211:33: error: ‘deadline’ was not declared in this scope
       return AsyncNext(tag, ok, deadline);
                                 ^
/usr/local/include/grpcpp/impl/codegen/completion_queue.h: In member function ‘bool grpc::CompletionQueue::Pluck(grpc::internal::CompletionQueueTag*)’:
/usr/local/include/grpcpp/impl/codegen/completion_queue.h:294:10: error: ‘deadline’ does not name a type
     auto deadline =
          ^
/usr/local/include/grpcpp/impl/codegen/completion_queue.h:296:10: error: ‘ev’ does not name a type
     auto ev = g_core_codegen_interface->grpc_completion_queue_pluck(
          ^
/usr/local/include/grpcpp/impl/codegen/completion_queue.h:298:15: error: ‘ev’ was not declared in this scope
     bool ok = ev.success != 0;
               ^
/usr/local/include/grpcpp/impl/codegen/completion_queue.h: In member function ‘void grpc::CompletionQueue::TryPluck(grpc::internal::CompletionQueueTag*)’:
/usr/local/include/grpcpp/impl/codegen/completion_queue.h:315:10: error: ‘deadline’ does not name a type
     auto deadline = g_core_codegen_interface->gpr_time_0(GPR_CLOCK_REALTIME);
          ^
/usr/local/include/grpcpp/impl/codegen/completion_queue.h:316:10: error: ‘ev’ does not name a type
     auto ev = g_core_codegen_interface->grpc_completion_queue_pluck(
          ^
/usr/local/include/grpcpp/impl/codegen/completion_queue.h:318:9: error: ‘ev’ was not declared in this scope
     if (ev.type == GRPC_QUEUE_TIMEOUT) return;
         ^
/usr/local/include/grpcpp/impl/codegen/completion_queue.h:319:15: error: ‘ev’ was not declared in this scope
     bool ok = ev.success != 0;
               ^
/usr/local/include/grpcpp/impl/codegen/completion_queue.h: In member function ‘void grpc::CompletionQueue::TryPluck(grpc::internal::CompletionQueueTag*, gpr_timespec)’:
/usr/local/include/grpcpp/impl/codegen/completion_queue.h:331:10: error: ‘ev’ does not name a type
     auto ev = g_core_codegen_interface->grpc_completion_queue_pluck(
          ^
/usr/local/include/grpcpp/impl/codegen/completion_queue.h:333:9: error: ‘ev’ was not declared in this scope
     if (ev.type == GRPC_QUEUE_TIMEOUT || ev.type == GRPC_QUEUE_SHUTDOWN) {
         ^
/usr/local/include/grpcpp/impl/codegen/completion_queue.h:337:15: error: ‘ev’ was not declared in this scope
     bool ok = ev.success != 0;
               ^
In file included from /usr/local/include/grpcpp/impl/codegen/method_handler_impl.h:25:0,
                 from rpc.grpc.pb.h:11,
                 from rpc.grpc.pb.cc:6:
/usr/local/include/grpcpp/impl/codegen/sync_stream.h: In member function ‘void grpc::ClientReader<R>::WaitForInitialMetadata()’:
/usr/local/include/grpcpp/impl/codegen/sync_stream.h:188:5: error: ‘CallOpSet’ is not a member of ‘grpc::internal’
     ::grpc::internal::CallOpSet<::grpc::internal::CallOpRecvInitialMetadata>
     ^
/usr/local/include/grpcpp/impl/codegen/sync_stream.h:188:34: error: expected primary-expression before ‘:’ token
     ::grpc::internal::CallOpSet<::grpc::internal::CallOpRecvInitialMetadata>
                                  ^
/usr/local/include/grpcpp/impl/codegen/sync_stream.h:188:34: error: expected ‘]’ before ‘:’ token
/usr/local/include/grpcpp/impl/codegen/sync_stream.h:190:5: error: ‘ops’ was not declared in this scope
     ops.RecvInitialMetadata(context_);
     ^
/usr/local/include/grpcpp/impl/codegen/sync_stream.h: In member function ‘bool grpc::ClientReader<R>::Read(R*)’:
/usr/local/include/grpcpp/impl/codegen/sync_stream.h:206:5: error: ‘CallOpSet’ is not a member of ‘grpc::internal’
     ::grpc::internal::CallOpSet<::grpc::internal::CallOpRecvInitialMetadata,
     ^
/usr/local/include/grpcpp/impl/codegen/sync_stream.h:206:34: error: expected primary-expression before ‘:’ token
     ::grpc::internal::CallOpSet<::grpc::internal::CallOpRecvInitialMetadata,
                                  ^
/usr/local/include/grpcpp/impl/codegen/sync_stream.h:206:34: error: expected ‘]’ before ‘:’ token
/usr/local/include/grpcpp/impl/codegen/sync_stream.h:210:7: error: ‘ops’ was not declared in this scope
       ops.RecvInitialMetadata(context_);
       ^
/usr/local/include/grpcpp/impl/codegen/sync_stream.h:212:5: error: ‘ops’ was not declared in this scope
     ops.RecvMessage(msg);
     ^
/usr/local/include/grpcpp/impl/codegen/sync_stream.h: In member function ‘grpc::Status grpc::ClientReader<R>::Finish()’:
/usr/local/include/grpcpp/impl/codegen/sync_stream.h:223:5: error: ‘CallOpSet’ is not a member of ‘grpc::internal’
     ::grpc::internal::CallOpSet<::grpc::internal::CallOpClientRecvStatus> ops;
     ^
/usr/local/include/grpcpp/impl/codegen/sync_stream.h:223:34: error: expected primary-expression before ‘:’ token
     ::grpc::internal::CallOpSet<::grpc::internal::CallOpClientRecvStatus> ops;
                                  ^
/usr/local/include/grpcpp/impl/codegen/sync_stream.h:223:34: error: expected ‘]’ before ‘:’ token
/usr/local/include/grpcpp/impl/codegen/sync_stream.h:225:5: error: ‘ops’ was not declared in this scope
     ops.ClientRecvStatus(context_, &status);
     ^
/usr/local/include/grpcpp/impl/codegen/sync_stream.h: In constructor ‘grpc::ClientReader<R>::ClientReader(grpc::ChannelInterface*, const grpc::internal::RpcMethod&, grpc::ClientContext*, const W&)’:
/usr/local/include/grpcpp/impl/codegen/sync_stream.h:249:5: error: ‘CallOpSet’ is not a member of ‘grpc::internal’
     ::grpc::internal::CallOpSet<::grpc::internal::CallOpSendInitialMetadata,
     ^
/usr/local/include/grpcpp/impl/codegen/sync_stream.h:249:34: error: expected primary-expression before ‘:’ token
     ::grpc::internal::CallOpSet<::grpc::internal::CallOpSendInitialMetadata,
                                  ^
/usr/local/include/grpcpp/impl/codegen/sync_stream.h:249:34: error: expected ‘]’ before ‘:’ token
/usr/local/include/grpcpp/impl/codegen/sync_stream.h:253:5: error: ‘ops’ was not declared in this scope
     ops.SendInitialMetadata(context->send_initial_metadata_,
     ^
/usr/local/include/grpcpp/impl/codegen/sync_stream.h: At global scope:
/usr/local/include/grpcpp/impl/codegen/sync_stream.h:397:21: error: ‘CallOpSet’ in namespace ‘grpc::internal’ does not name a type
   ::grpc::internal::CallOpSet<::grpc::internal::CallOpRecvInitialMetadata,
                     ^
/usr/local/include/grpcpp/impl/codegen/sync_stream.h: In member function ‘void grpc::ClientWriter<W>::WaitForInitialMetadata()’:
/usr/local/include/grpcpp/impl/codegen/sync_stream.h:305:5: error: ‘CallOpSet’ is not a member of ‘grpc::internal’
     ::grpc::internal::CallOpSet<::grpc::internal::CallOpRecvInitialMetadata>
     ^
/usr/local/include/grpcpp/impl/codegen/sync_stream.h:305:34: error: expected primary-expression before ‘:’ token
     ::grpc::internal::CallOpSet<::grpc::internal::CallOpRecvInitialMetadata>
                                  ^
/usr/local/include/grpcpp/impl/codegen/sync_stream.h:305:34: error: expected ‘]’ before ‘:’ token
/usr/local/include/grpcpp/impl/codegen/sync_stream.h:307:5: error: ‘ops’ was not declared in this scope
     ops.RecvInitialMetadata(context_);
     ^
/usr/local/include/grpcpp/impl/codegen/sync_stream.h: In member function ‘bool grpc::ClientWriter<W>::Write(const W&, grpc::WriteOptions)’:
/usr/local/include/grpcpp/impl/codegen/sync_stream.h:320:5: error: ‘CallOpSet’ is not a member of ‘grpc::internal’
     ::grpc::internal::CallOpSet<::grpc::internal::CallOpSendInitialMetadata,
     ^
/usr/local/include/grpcpp/impl/codegen/sync_stream.h:320:34: error: expected primary-expression before ‘:’ token
     ::grpc::internal::CallOpSet<::grpc::internal::CallOpSendInitialMetadata,
                                  ^
/usr/local/include/grpcpp/impl/codegen/sync_stream.h:320:34: error: expected ‘]’ before ‘:’ token
/usr/local/include/grpcpp/impl/codegen/sync_stream.h:327:7: error: ‘ops’ was not declared in this scope
       ops.ClientSendClose();
       ^
/usr/local/include/grpcpp/impl/codegen/sync_stream.h:330:7: error: ‘ops’ was not declared in this scope
       ops.SendInitialMetadata(context_->send_initial_metadata_,
       ^
/usr/local/include/grpcpp/impl/codegen/sync_stream.h:334:10: error: ‘ops’ was not declared in this scope
     if (!ops.SendMessage(msg, options).ok()) {
          ^
/usr/local/include/grpcpp/impl/codegen/sync_stream.h:338:23: error: ‘ops’ was not declared in this scope
     call_.PerformOps(&ops);
                       ^
/usr/local/include/grpcpp/impl/codegen/sync_stream.h: In member function ‘bool grpc::ClientWriter<W>::WritesDone()’:
/usr/local/include/grpcpp/impl/codegen/sync_stream.h:343:5: error: ‘CallOpSet’ is not a member of ‘grpc::internal’
     ::grpc::internal::CallOpSet<::grpc::internal::CallOpClientSendClose> ops;
     ^
/usr/local/include/grpcpp/impl/codegen/sync_stream.h:343:34: error: expected primary-expression before ‘:’ token
     ::grpc::internal::CallOpSet<::grpc::internal::CallOpClientSendClose> ops;
                                  ^
/usr/local/include/grpcpp/impl/codegen/sync_stream.h:343:34: error: expected ‘]’ before ‘:’ token
/usr/local/include/grpcpp/impl/codegen/sync_stream.h:344:5: error: ‘ops’ was not declared in this scope
     ops.ClientSendClose();
     ^
/usr/local/include/grpcpp/impl/codegen/sync_stream.h: In member function ‘grpc::Status grpc::ClientWriter<W>::Finish()’:
/usr/local/include/grpcpp/impl/codegen/sync_stream.h:358:7: error: ‘finish_ops_’ was not declared in this scope
       finish_ops_.RecvInitialMetadata(context_);
       ^
/usr/local/include/grpcpp/impl/codegen/sync_stream.h:360:5: error: ‘finish_ops_’ was not declared in this scope
     finish_ops_.ClientRecvStatus(context_, &status);
     ^
/usr/local/include/grpcpp/impl/codegen/sync_stream.h: In constructor ‘grpc::ClientWriter<W>::ClientWriter(grpc::ChannelInterface*, const grpc::internal::RpcMethod&, grpc::ClientContext*, R*)’:
/usr/local/include/grpcpp/impl/codegen/sync_stream.h:383:5: error: ‘finish_ops_’ was not declared in this scope
     finish_ops_.RecvMessage(response);
     ^
/usr/local/include/grpcpp/impl/codegen/sync_stream.h:387:7: error: ‘CallOpSet’ is not a member of ‘grpc::internal’
       ::grpc::internal::CallOpSet<::grpc::internal::CallOpSendInitialMetadata>
       ^
/usr/local/include/grpcpp/impl/codegen/sync_stream.h:387:36: error: expected primary-expression before ‘:’ token
       ::grpc::internal::CallOpSet<::grpc::internal::CallOpSendInitialMetadata>
                                    ^
/usr/local/include/grpcpp/impl/codegen/sync_stream.h:387:36: error: expected ‘]’ before ‘:’ token
/usr/local/include/grpcpp/impl/codegen/sync_stream.h:389:7: error: ‘ops’ was not declared in this scope
       ops.SendInitialMetadata(context->send_initial_metadata_,
       ^
/usr/local/include/grpcpp/impl/codegen/sync_stream.h: In member function ‘void grpc::ClientReaderWriter<W, R>::WaitForInitialMetadata()’:
/usr/local/include/grpcpp/impl/codegen/sync_stream.h:456:5: error: ‘CallOpSet’ is not a member of ‘grpc::internal’
     ::grpc::internal::CallOpSet<::grpc::internal::CallOpRecvInitialMetadata>
     ^
/usr/local/include/grpcpp/impl/codegen/sync_stream.h:456:34: error: expected primary-expression before ‘:’ token
     ::grpc::internal::CallOpSet<::grpc::internal::CallOpRecvInitialMetadata>
                                  ^
/usr/local/include/grpcpp/impl/codegen/sync_stream.h:456:34: error: expected ‘]’ before ‘:’ token
/usr/local/include/grpcpp/impl/codegen/sync_stream.h:458:5: error: ‘ops’ was not declared in this scope
     ops.RecvInitialMetadata(context_);
     ^
/usr/local/include/grpcpp/impl/codegen/sync_stream.h: In member function ‘bool grpc::ClientReaderWriter<W, R>::Read(R*)’:
/usr/local/include/grpcpp/impl/codegen/sync_stream.h:473:5: error: ‘CallOpSet’ is not a member of ‘grpc::internal’
     ::grpc::internal::CallOpSet<::grpc::internal::CallOpRecvInitialMetadata,
     ^
/usr/local/include/grpcpp/impl/codegen/sync_stream.h:473:34: error: expected primary-expression before ‘:’ token
     ::grpc::internal::CallOpSet<::grpc::internal::CallOpRecvInitialMetadata,
                                  ^
/usr/local/include/grpcpp/impl/codegen/sync_stream.h:473:34: error: expected ‘]’ before ‘:’ token
/usr/local/include/grpcpp/impl/codegen/sync_stream.h:477:7: error: ‘ops’ was not declared in this scope
       ops.RecvInitialMetadata(context_);
       ^
/usr/local/include/grpcpp/impl/codegen/sync_stream.h:479:5: error: ‘ops’ was not declared in this scope
     ops.RecvMessage(msg);
     ^
/usr/local/include/grpcpp/impl/codegen/sync_stream.h: In member function ‘bool grpc::ClientReaderWriter<W, R>::Write(const W&, grpc::WriteOptions)’:
/usr/local/include/grpcpp/impl/codegen/sync_stream.h:491:5: error: ‘CallOpSet’ is not a member of ‘grpc::internal’
     ::grpc::internal::CallOpSet<::grpc::internal::CallOpSendInitialMetadata,
     ^
/usr/local/include/grpcpp/impl/codegen/sync_stream.h:491:34: error: expected primary-expression before ‘:’ token
     ::grpc::internal::CallOpSet<::grpc::internal::CallOpSendInitialMetadata,
                                  ^
/usr/local/include/grpcpp/impl/codegen/sync_stream.h:491:34: error: expected ‘]’ before ‘:’ token
/usr/local/include/grpcpp/impl/codegen/sync_stream.h:498:7: error: ‘ops’ was not declared in this scope
       ops.ClientSendClose();
       ^
/usr/local/include/grpcpp/impl/codegen/sync_stream.h:501:7: error: ‘ops’ was not declared in this scope
       ops.SendInitialMetadata(context_->send_initial_metadata_,
       ^
/usr/local/include/grpcpp/impl/codegen/sync_stream.h:505:10: error: ‘ops’ was not declared in this scope
     if (!ops.SendMessage(msg, options).ok()) {
          ^
/usr/local/include/grpcpp/impl/codegen/sync_stream.h:509:23: error: ‘ops’ was not declared in this scope
     call_.PerformOps(&ops);
                       ^
/usr/local/include/grpcpp/impl/codegen/sync_stream.h: In member function ‘bool grpc::ClientReaderWriter<W, R>::WritesDone()’:
/usr/local/include/grpcpp/impl/codegen/sync_stream.h:514:5: error: ‘CallOpSet’ is not a member of ‘grpc::internal’
     ::grpc::internal::CallOpSet<::grpc::internal::CallOpClientSendClose> ops;
     ^
/usr/local/include/grpcpp/impl/codegen/sync_stream.h:514:34: error: expected primary-expression before ‘:’ token
     ::grpc::internal::CallOpSet<::grpc::internal::CallOpClientSendClose> ops;
                                  ^
/usr/local/include/grpcpp/impl/codegen/sync_stream.h:514:34: error: expected ‘]’ before ‘:’ token
/usr/local/include/grpcpp/impl/codegen/sync_stream.h:515:5: error: ‘ops’ was not declared in this scope
     ops.ClientSendClose();
     ^
/usr/local/include/grpcpp/impl/codegen/sync_stream.h: In member function ‘grpc::Status grpc::ClientReaderWriter<W, R>::Finish()’:
/usr/local/include/grpcpp/impl/codegen/sync_stream.h:526:5: error: ‘CallOpSet’ is not a member of ‘grpc::internal’
     ::grpc::internal::CallOpSet<::grpc::internal::CallOpRecvInitialMetadata,
     ^
/usr/local/include/grpcpp/impl/codegen/sync_stream.h:526:34: error: expected primary-expression before ‘:’ token
     ::grpc::internal::CallOpSet<::grpc::internal::CallOpRecvInitialMetadata,
                                  ^
/usr/local/include/grpcpp/impl/codegen/sync_stream.h:526:34: error: expected ‘]’ before ‘:’ token
/usr/local/include/grpcpp/impl/codegen/sync_stream.h:530:7: error: ‘ops’ was not declared in this scope
       ops.RecvInitialMetadata(context_);
       ^
/usr/local/include/grpcpp/impl/codegen/sync_stream.h:533:5: error: ‘ops’ was not declared in this scope
     ops.ClientRecvStatus(context_, &status);
     ^
/usr/local/include/grpcpp/impl/codegen/sync_stream.h: In constructor ‘grpc::ClientReaderWriter<W, R>::ClientReaderWriter(grpc::ChannelInterface*, const grpc::internal::RpcMethod&, grpc::ClientContext*)’:
/usr/local/include/grpcpp/impl/codegen/sync_stream.h:558:7: error: ‘CallOpSet’ is not a member of ‘grpc::internal’
       ::grpc::internal::CallOpSet<::grpc::internal::CallOpSendInitialMetadata>
       ^
/usr/local/include/grpcpp/impl/codegen/sync_stream.h:558:36: error: expected primary-expression before ‘:’ token
       ::grpc::internal::CallOpSet<::grpc::internal::CallOpSendInitialMetadata>
                                    ^
/usr/local/include/grpcpp/impl/codegen/sync_stream.h:558:36: error: expected ‘]’ before ‘:’ token
/usr/local/include/grpcpp/impl/codegen/sync_stream.h:560:7: error: ‘ops’ was not declared in this scope
       ops.SendInitialMetadata(context->send_initial_metadata_,
       ^
/usr/local/include/grpcpp/impl/codegen/sync_stream.h: In member function ‘void grpc::ServerReader<R>::SendInitialMetadata()’:
/usr/local/include/grpcpp/impl/codegen/sync_stream.h:585:5: error: ‘CallOpSet’ is not a member of ‘grpc::internal’
     internal::CallOpSet<internal::CallOpSendInitialMetadata> ops;
     ^
/usr/local/include/grpcpp/impl/codegen/sync_stream.h:585:60: error: expected primary-expression before ‘>’ token
     internal::CallOpSet<internal::CallOpSendInitialMetadata> ops;
                                                            ^
/usr/local/include/grpcpp/impl/codegen/sync_stream.h:585:62: error: ‘ops’ was not declared in this scope
     internal::CallOpSet<internal::CallOpSendInitialMetadata> ops;
                                                              ^
/usr/local/include/grpcpp/impl/codegen/sync_stream.h: In member function ‘bool grpc::ServerReader<R>::Read(R*)’:
/usr/local/include/grpcpp/impl/codegen/sync_stream.h:602:5: error: ‘CallOpSet’ is not a member of ‘grpc::internal’
     internal::CallOpSet<internal::CallOpRecvMessage<R>> ops;
     ^
/usr/local/include/grpcpp/impl/codegen/sync_stream.h:602:54: error: spurious ‘>>’, use ‘>’ to terminate a template argument list
     internal::CallOpSet<internal::CallOpRecvMessage<R>> ops;
                                                      ^
/usr/local/include/grpcpp/impl/codegen/sync_stream.h:602:57: error: expected primary-expression before ‘ops’
     internal::CallOpSet<internal::CallOpRecvMessage<R>> ops;
                                                         ^
/usr/local/include/grpcpp/impl/codegen/sync_stream.h:603:5: error: ‘ops’ was not declared in this scope
     ops.RecvMessage(msg);
     ^
/usr/local/include/grpcpp/impl/codegen/sync_stream.h: In member function ‘void grpc::ServerWriter<W>::SendInitialMetadata()’:
/usr/local/include/grpcpp/impl/codegen/sync_stream.h:637:5: error: ‘CallOpSet’ is not a member of ‘grpc::internal’
     internal::CallOpSet<internal::CallOpSendInitialMetadata> ops;
     ^
/usr/local/include/grpcpp/impl/codegen/sync_stream.h:637:60: error: expected primary-expression before ‘>’ token
     internal::CallOpSet<internal::CallOpSendInitialMetadata> ops;
                                                            ^
/usr/local/include/grpcpp/impl/codegen/sync_stream.h:637:62: error: ‘ops’ was not declared in this scope
     internal::CallOpSet<internal::CallOpSendInitialMetadata> ops;
                                                              ^
/usr/local/include/grpcpp/impl/codegen/sync_stream.h: In member function ‘bool grpc::ServerWriter<W>::Write(const W&, grpc::WriteOptions)’:
/usr/local/include/grpcpp/impl/codegen/sync_stream.h:659:16: error: ‘class grpc::ServerContext’ has no member named ‘pending_ops_’
     if (!ctx_->pending_ops_.SendMessage(msg, options).ok()) {
                ^
/usr/local/include/grpcpp/impl/codegen/sync_stream.h:663:13: error: ‘class grpc::ServerContext’ has no member named ‘pending_ops_’
       ctx_->pending_ops_.SendInitialMetadata(ctx_->initial_metadata_,
             ^
/usr/local/include/grpcpp/impl/codegen/sync_stream.h:666:15: error: ‘class grpc::ServerContext’ has no member named ‘pending_ops_’
         ctx_->pending_ops_.set_compression_level(ctx_->compression_level());
               ^
/usr/local/include/grpcpp/impl/codegen/sync_stream.h:670:30: error: ‘class grpc::ServerContext’ has no member named ‘pending_ops_’
     call_->PerformOps(&ctx_->pending_ops_);
                              ^
/usr/local/include/grpcpp/impl/codegen/sync_stream.h:679:38: error: ‘class grpc::ServerContext’ has no member named ‘pending_ops_’
     return call_->cq()->Pluck(&ctx_->pending_ops_);
                                      ^
/usr/local/include/grpcpp/impl/codegen/sync_stream.h: In member function ‘void grpc::internal::ServerReaderWriterBody<W, R>::SendInitialMetadata()’:
/usr/local/include/grpcpp/impl/codegen/sync_stream.h:710:5: error: ‘CallOpSet’ was not declared in this scope
     CallOpSet<CallOpSendInitialMetadata> ops;
     ^
/usr/local/include/grpcpp/impl/codegen/sync_stream.h:710:40: error: expected primary-expression before ‘>’ token
     CallOpSet<CallOpSendInitialMetadata> ops;
                                        ^
/usr/local/include/grpcpp/impl/codegen/sync_stream.h:710:42: error: ‘ops’ was not declared in this scope
     CallOpSet<CallOpSendInitialMetadata> ops;
                                          ^
/usr/local/include/grpcpp/impl/codegen/sync_stream.h: In member function ‘bool grpc::internal::ServerReaderWriterBody<W, R>::Read(R*)’:
/usr/local/include/grpcpp/impl/codegen/sync_stream.h:727:5: error: ‘CallOpSet’ was not declared in this scope
     CallOpSet<CallOpRecvMessage<R>> ops;
     ^
/usr/local/include/grpcpp/impl/codegen/sync_stream.h:727:34: error: spurious ‘>>’, use ‘>’ to terminate a template argument list
     CallOpSet<CallOpRecvMessage<R>> ops;
                                  ^
/usr/local/include/grpcpp/impl/codegen/sync_stream.h:727:37: error: expected primary-expression before ‘ops’
     CallOpSet<CallOpRecvMessage<R>> ops;
                                     ^
/usr/local/include/grpcpp/impl/codegen/sync_stream.h:728:5: error: ‘ops’ was not declared in this scope
     ops.RecvMessage(msg);
     ^
/usr/local/include/grpcpp/impl/codegen/sync_stream.h: In member function ‘bool grpc::internal::ServerReaderWriterBody<W, R>::Write(const W&, grpc::WriteOptions)’:
/usr/local/include/grpcpp/impl/codegen/sync_stream.h:737:16: error: ‘class grpc::ServerContext’ has no member named ‘pending_ops_’
     if (!ctx_->pending_ops_.SendMessage(msg, options).ok()) {
                ^
/usr/local/include/grpcpp/impl/codegen/sync_stream.h:741:13: error: ‘class grpc::ServerContext’ has no member named ‘pending_ops_’
       ctx_->pending_ops_.SendInitialMetadata(ctx_->initial_metadata_,
             ^
/usr/local/include/grpcpp/impl/codegen/sync_stream.h:744:15: error: ‘class grpc::ServerContext’ has no member named ‘pending_ops_’
         ctx_->pending_ops_.set_compression_level(ctx_->compression_level());
               ^
/usr/local/include/grpcpp/impl/codegen/sync_stream.h:748:30: error: ‘class grpc::ServerContext’ has no member named ‘pending_ops_’
     call_->PerformOps(&ctx_->pending_ops_);
                              ^
/usr/local/include/grpcpp/impl/codegen/sync_stream.h:757:38: error: ‘class grpc::ServerContext’ has no member named ‘pending_ops_’
     return call_->cq()->Pluck(&ctx_->pending_ops_);
                                      ^
In file included from rpc.grpc.pb.h:11:0,
                 from rpc.grpc.pb.cc:6:
/usr/local/include/grpcpp/impl/codegen/method_handler_impl.h: At global scope:
/usr/local/include/grpcpp/impl/codegen/method_handler_impl.h:39:40: error: expected ‘,’ or ‘...’ before ‘&&’ token
 Status CatchingFunctionHandler(Callable&& handler) {
                                        ^
/usr/local/include/grpcpp/impl/codegen/method_handler_impl.h: In function ‘grpc::Status grpc::internal::CatchingFunctionHandler(Callable)’:
/usr/local/include/grpcpp/impl/codegen/method_handler_impl.h:42:20: error: there are no arguments to ‘handler’ that depend on a template parameter, so a declaration of ‘handler’ must be available [-fpermissive]
     return handler();
                    ^
/usr/local/include/grpcpp/impl/codegen/method_handler_impl.h:44:18: error: expected primary-expression before ‘(’ token
     return Status(StatusCode::UNKNOWN, "Unexpected error in RPC handling");
                  ^
/usr/local/include/grpcpp/impl/codegen/method_handler_impl.h:44:19: error: ‘StatusCode’ is not a class or namespace
     return Status(StatusCode::UNKNOWN, "Unexpected error in RPC handling");
                   ^
/usr/local/include/grpcpp/impl/codegen/method_handler_impl.h: At global scope:
/usr/local/include/grpcpp/impl/codegen/method_handler_impl.h:55:33: error: expected ‘)’ before ‘<’ token
   RpcMethodHandler(std::function<Status(ServiceType*, ServerContext*,
                                 ^
/usr/local/include/grpcpp/impl/codegen/method_handler_impl.h:91:8: error: ‘function’ in namespace ‘std’ does not name a template type
   std::function<Status(ServiceType*, ServerContext*, const RequestType*,
        ^
/usr/local/include/grpcpp/impl/codegen/method_handler_impl.h: In member function ‘void grpc::internal::RpcMethodHandler<ServiceType, RequestType, ResponseType>::RunHandler(const grpc::internal::MethodHandler::HandlerParameter&)’:
/usr/local/include/grpcpp/impl/codegen/method_handler_impl.h:73:5: error: ‘CallOpSet’ was not declared in this scope
     CallOpSet<CallOpSendInitialMetadata, CallOpSendMessage,
     ^
/usr/local/include/grpcpp/impl/codegen/method_handler_impl.h:73:40: error: expected primary-expression before ‘,’ token
     CallOpSet<CallOpSendInitialMetadata, CallOpSendMessage,
                                        ^
/usr/local/include/grpcpp/impl/codegen/method_handler_impl.h:73:59: error: expected primary-expression before ‘,’ token
     CallOpSet<CallOpSendInitialMetadata, CallOpSendMessage,
                                                           ^
/usr/local/include/grpcpp/impl/codegen/method_handler_impl.h:74:37: error: expected primary-expression before ‘>’ token
               CallOpServerSendStatus>
                                     ^
/usr/local/include/grpcpp/impl/codegen/method_handler_impl.h:75:9: error: ‘ops’ was not declared in this scope
         ops;
         ^
/usr/local/include/grpcpp/impl/codegen/method_handler_impl.h: At global scope:
/usr/local/include/grpcpp/impl/codegen/method_handler_impl.h:103:20: error: expected ‘)’ before ‘<’ token
       std::function<Status(ServiceType*, ServerContext*,
                    ^
/usr/local/include/grpcpp/impl/codegen/method_handler_impl.h:134:8: error: ‘function’ in namespace ‘std’ does not name a template type
   std::function<Status(ServiceType*, ServerContext*, ServerReader<RequestType>*,
        ^
/usr/local/include/grpcpp/impl/codegen/method_handler_impl.h: In member function ‘void grpc::internal::ClientStreamingHandler<ServiceType, RequestType, ResponseType>::RunHandler(const grpc::internal::MethodHandler::HandlerParameter&)’:
/usr/local/include/grpcpp/impl/codegen/method_handler_impl.h:117:5: error: ‘CallOpSet’ was not declared in this scope
     CallOpSet<CallOpSendInitialMetadata, CallOpSendMessage,
     ^
/usr/local/include/grpcpp/impl/codegen/method_handler_impl.h:117:40: error: expected primary-expression before ‘,’ token
     CallOpSet<CallOpSendInitialMetadata, CallOpSendMessage,
                                        ^
/usr/local/include/grpcpp/impl/codegen/method_handler_impl.h:117:59: error: expected primary-expression before ‘,’ token
     CallOpSet<CallOpSendInitialMetadata, CallOpSendMessage,
                                                           ^
/usr/local/include/grpcpp/impl/codegen/method_handler_impl.h:118:37: error: expected primary-expression before ‘>’ token
               CallOpServerSendStatus>
                                     ^
/usr/local/include/grpcpp/impl/codegen/method_handler_impl.h:119:9: error: ‘ops’ was not declared in this scope
         ops;
         ^
/usr/local/include/grpcpp/impl/codegen/method_handler_impl.h: At global scope:
/usr/local/include/grpcpp/impl/codegen/method_handler_impl.h:145:20: error: expected ‘)’ before ‘<’ token
       std::function<Status(ServiceType*, ServerContext*, const RequestType*,
                    ^
/usr/local/include/grpcpp/impl/codegen/method_handler_impl.h:180:8: error: ‘function’ in namespace ‘std’ does not name a template type
   std::function<Status(ServiceType*, ServerContext*, const RequestType*,
        ^
/usr/local/include/grpcpp/impl/codegen/method_handler_impl.h: In member function ‘void grpc::internal::ServerStreamingHandler<ServiceType, RequestType, ResponseType>::RunHandler(const grpc::internal::MethodHandler::HandlerParameter&)’:
/usr/local/include/grpcpp/impl/codegen/method_handler_impl.h:163:5: error: ‘CallOpSet’ was not declared in this scope
     CallOpSet<CallOpSendInitialMetadata, CallOpServerSendStatus> ops;
     ^
/usr/local/include/grpcpp/impl/codegen/method_handler_impl.h:163:40: error: expected primary-expression before ‘,’ token
     CallOpSet<CallOpSendInitialMetadata, CallOpServerSendStatus> ops;
                                        ^
/usr/local/include/grpcpp/impl/codegen/method_handler_impl.h:163:64: error: expected primary-expression before ‘>’ token
     CallOpSet<CallOpSendInitialMetadata, CallOpServerSendStatus> ops;
                                                                ^
/usr/local/include/grpcpp/impl/codegen/method_handler_impl.h:163:66: error: ‘ops’ was not declared in this scope
     CallOpSet<CallOpSendInitialMetadata, CallOpServerSendStatus> ops;
                                                                  ^
/usr/local/include/grpcpp/impl/codegen/method_handler_impl.h:174:54: error: ‘class grpc::ServerContext’ has no member named ‘pending_ops_’
       param.call->cq()->Pluck(&param.server_context->pending_ops_);
                                                      ^
/usr/local/include/grpcpp/impl/codegen/method_handler_impl.h: At global scope:
/usr/local/include/grpcpp/impl/codegen/method_handler_impl.h:197:20: error: expected ‘)’ before ‘<’ token
       std::function<Status(ServerContext*, Streamer*)> func)
                    ^
/usr/local/include/grpcpp/impl/codegen/method_handler_impl.h:229:8: error: ‘function’ in namespace ‘std’ does not name a template type
   std::function<Status(ServerContext*, Streamer*)> func_;
        ^
/usr/local/include/grpcpp/impl/codegen/method_handler_impl.h: In member function ‘void grpc::internal::TemplatedBidiStreamingHandler<Streamer, WriteNeeded>::RunHandler(const grpc::internal::MethodHandler::HandlerParameter&)’:
/usr/local/include/grpcpp/impl/codegen/method_handler_impl.h:206:5: error: ‘CallOpSet’ was not declared in this scope
     CallOpSet<CallOpSendInitialMetadata, CallOpServerSendStatus> ops;
     ^
/usr/local/include/grpcpp/impl/codegen/method_handler_impl.h:206:40: error: expected primary-expression before ‘,’ token
     CallOpSet<CallOpSendInitialMetadata, CallOpServerSendStatus> ops;
                                        ^
/usr/local/include/grpcpp/impl/codegen/method_handler_impl.h:206:64: error: expected primary-expression before ‘>’ token
     CallOpSet<CallOpSendInitialMetadata, CallOpServerSendStatus> ops;
                                                                ^
/usr/local/include/grpcpp/impl/codegen/method_handler_impl.h:206:66: error: ‘ops’ was not declared in this scope
     CallOpSet<CallOpSendInitialMetadata, CallOpServerSendStatus> ops;
                                                                  ^
/usr/local/include/grpcpp/impl/codegen/method_handler_impl.h:216:24: error: expected primary-expression before ‘(’ token
         status = Status(StatusCode::INTERNAL,
                        ^
/usr/local/include/grpcpp/impl/codegen/method_handler_impl.h:216:25: error: ‘StatusCode’ is not a class or namespace
         status = Status(StatusCode::INTERNAL,
                         ^
/usr/local/include/grpcpp/impl/codegen/method_handler_impl.h:223:54: error: ‘class grpc::ServerContext’ has no member named ‘pending_ops_’
       param.call->cq()->Pluck(&param.server_context->pending_ops_);
                                                      ^
/usr/local/include/grpcpp/impl/codegen/method_handler_impl.h: At global scope:
/usr/local/include/grpcpp/impl/codegen/method_handler_impl.h:239:20: error: expected ‘)’ before ‘<’ token
       std::function<Status(ServiceType*, ServerContext*,
                    ^
/usr/local/include/grpcpp/impl/codegen/method_handler_impl.h:254:20: error: expected ‘)’ before ‘<’ token
       std::function<Status(ServerContext*,
                    ^
/usr/local/include/grpcpp/impl/codegen/method_handler_impl.h:267:20: error: expected ‘)’ before ‘<’ token
       std::function<Status(ServerContext*,
                    ^
/usr/local/include/grpcpp/impl/codegen/method_handler_impl.h: In static member function ‘static void grpc::internal::UnknownMethodHandler::FillOps(grpc::ServerContext*, T*)’:
/usr/local/include/grpcpp/impl/codegen/method_handler_impl.h:279:44: error: expected unqualified-id before ‘,’ token
     Status status(StatusCode::UNIMPLEMENTED, "");
                                            ^
/usr/local/include/grpcpp/impl/codegen/method_handler_impl.h:279:44: error: expected ‘)’ before ‘,’ token
/usr/local/include/grpcpp/impl/codegen/method_handler_impl.h:279:46: error: expected unqualified-id before string constant
     Status status(StatusCode::UNIMPLEMENTED, "");
                                              ^
/usr/local/include/grpcpp/impl/codegen/method_handler_impl.h: In member function ‘virtual void grpc::internal::UnknownMethodHandler::RunHandler(const grpc::internal::MethodHandler::HandlerParameter&)’:
/usr/local/include/grpcpp/impl/codegen/method_handler_impl.h:292:5: error: ‘CallOpSet’ was not declared in this scope
     CallOpSet<CallOpSendInitialMetadata, CallOpServerSendStatus> ops;
     ^
/usr/local/include/grpcpp/impl/codegen/method_handler_impl.h:292:40: error: expected primary-expression before ‘,’ token
     CallOpSet<CallOpSendInitialMetadata, CallOpServerSendStatus> ops;
                                        ^
/usr/local/include/grpcpp/impl/codegen/method_handler_impl.h:292:64: error: expected primary-expression before ‘>’ token
     CallOpSet<CallOpSendInitialMetadata, CallOpServerSendStatus> ops;
                                                                ^
/usr/local/include/grpcpp/impl/codegen/method_handler_impl.h:292:66: error: ‘ops’ was not declared in this scope
     CallOpSet<CallOpSendInitialMetadata, CallOpServerSendStatus> ops;
                                                                  ^
In file included from /usr/local/include/grpcpp/impl/codegen/proto_utils.h:30:0,
                 from rpc.grpc.pb.h:12,
                 from rpc.grpc.pb.cc:6:
/usr/local/include/grpcpp/impl/codegen/proto_buffer_reader.h: In constructor ‘grpc::ProtoBufferReader::ProtoBufferReader(grpc::ByteBuffer*)’:
/usr/local/include/grpcpp/impl/codegen/proto_buffer_reader.h:57:23: error: expected primary-expression before ‘(’ token
       status_ = Status(StatusCode::INTERNAL,
                       ^
/usr/local/include/grpcpp/impl/codegen/proto_buffer_reader.h:57:24: error: ‘StatusCode’ is not a class or namespace
       status_ = Status(StatusCode::INTERNAL,
                        ^
In file included from rpc.grpc.pb.h:12:0,
                 from rpc.grpc.pb.cc:6:
/usr/local/include/grpcpp/impl/codegen/proto_utils.h: In function ‘grpc::Status grpc::GenericSerialize(const Message&, grpc::ByteBuffer*, bool*)’:
/usr/local/include/grpcpp/impl/codegen/proto_utils.h:47:17: error: ‘is_base_of’ is not a member of ‘std’
   static_assert(std::is_base_of<protobuf::io::ZeroCopyOutputStream,
                 ^
/usr/local/include/grpcpp/impl/codegen/proto_utils.h:47:17: note: suggested alternatives:
In file included from /usr/include/c++/5/tr1/unordered_map:39:0,
                 from /usr/local/include/google/protobuf/stubs/hash.h:152,
                 from /usr/local/include/google/protobuf/map.h:49,
                 from /usr/local/include/google/protobuf/generated_message_table_driven.h:34,
                 from rpc.pb.h:25,
                 from rpc.grpc.pb.cc:5:
/usr/include/c++/5/tr1/type_traits:584:12: note:   ‘std::tr1::is_base_of’
     struct is_base_of
            ^
In file included from /usr/local/include/google/protobuf/stubs/callback.h:5:0,
                 from /usr/local/include/google/protobuf/stubs/common.h:53,
                 from rpc.pb.h:9,
                 from rpc.grpc.pb.cc:5:
/usr/local/include/google/protobuf/stubs/type_traits.h:72:8: note:   ‘google::protobuf::internal::is_base_of’
 struct is_base_of {
        ^
In file included from rpc.grpc.pb.h:12:0,
                 from rpc.grpc.pb.cc:6:
/usr/local/include/grpcpp/impl/codegen/proto_utils.h:47:67: error: expected primary-expression before ‘,’ token
   static_assert(std::is_base_of<protobuf::io::ZeroCopyOutputStream,
                                                                   ^
/usr/local/include/grpcpp/impl/codegen/proto_utils.h:48:50: error: expected primary-expression before ‘>’ token
                                 ProtoBufferWriter>::value,
                                                  ^
/usr/local/include/grpcpp/impl/codegen/proto_utils.h:48:51: error: ‘::value’ has not been declared
                                 ProtoBufferWriter>::value,
                                                   ^
/usr/local/include/grpcpp/impl/codegen/proto_utils.h:50:55: error: there are no arguments to ‘static_assert’ that depend on a template parameter, so a declaration of ‘static_assert’ must be available [-fpermissive]
                 "::protobuf::io::ZeroCopyOutputStream");
                                                       ^
/usr/local/include/grpcpp/impl/codegen/proto_utils.h:66:22: error: expected primary-expression before ‘(’ token
              : Status(StatusCode::INTERNAL, "Failed to serialize message");
                      ^
/usr/local/include/grpcpp/impl/codegen/proto_utils.h:66:23: error: ‘StatusCode’ is not a class or namespace
              : Status(StatusCode::INTERNAL, "Failed to serialize message");
                       ^
/usr/local/include/grpcpp/impl/codegen/proto_utils.h: In function ‘grpc::Status grpc::GenericDeserialize(grpc::ByteBuffer*, grpc::protobuf::Message*)’:
/usr/local/include/grpcpp/impl/codegen/proto_utils.h:72:17: error: ‘is_base_of’ is not a member of ‘std’
   static_assert(std::is_base_of<protobuf::io::ZeroCopyInputStream,
                 ^
/usr/local/include/grpcpp/impl/codegen/proto_utils.h:72:17: note: suggested alternatives:
In file included from /usr/include/c++/5/tr1/unordered_map:39:0,
                 from /usr/local/include/google/protobuf/stubs/hash.h:152,
                 from /usr/local/include/google/protobuf/map.h:49,
                 from /usr/local/include/google/protobuf/generated_message_table_driven.h:34,
                 from rpc.pb.h:25,
                 from rpc.grpc.pb.cc:5:
/usr/include/c++/5/tr1/type_traits:584:12: note:   ‘std::tr1::is_base_of’
     struct is_base_of
            ^
In file included from /usr/local/include/google/protobuf/stubs/callback.h:5:0,
                 from /usr/local/include/google/protobuf/stubs/common.h:53,
                 from rpc.pb.h:9,
                 from rpc.grpc.pb.cc:5:
/usr/local/include/google/protobuf/stubs/type_traits.h:72:8: note:   ‘google::protobuf::internal::is_base_of’
 struct is_base_of {
        ^
In file included from rpc.grpc.pb.h:12:0,
                 from rpc.grpc.pb.cc:6:
/usr/local/include/grpcpp/impl/codegen/proto_utils.h:72:66: error: expected primary-expression before ‘,’ token
   static_assert(std::is_base_of<protobuf::io::ZeroCopyInputStream,
                                                                  ^
/usr/local/include/grpcpp/impl/codegen/proto_utils.h:73:50: error: expected primary-expression before ‘>’ token
                                 ProtoBufferReader>::value,
                                                  ^
/usr/local/include/grpcpp/impl/codegen/proto_utils.h:73:51: error: ‘::value’ has not been declared
                                 ProtoBufferReader>::value,
                                                   ^
/usr/local/include/grpcpp/impl/codegen/proto_utils.h:75:54: error: there are no arguments to ‘static_assert’ that depend on a template parameter, so a declaration of ‘static_assert’ must be available [-fpermissive]
                 "::protobuf::io::ZeroCopyInputStream");
                                                      ^
/usr/local/include/grpcpp/impl/codegen/proto_utils.h:76:17: error: ‘nullptr’ was not declared in this scope
   if (buffer == nullptr) {
                 ^
/usr/local/include/grpcpp/impl/codegen/proto_utils.h:77:18: error: expected primary-expression before ‘(’ token
     return Status(StatusCode::INTERNAL, "No payload");
                  ^
/usr/local/include/grpcpp/impl/codegen/proto_utils.h:77:19: error: ‘StatusCode’ is not a class or namespace
     return Status(StatusCode::INTERNAL, "No payload");
                   ^
/usr/local/include/grpcpp/impl/codegen/proto_utils.h:88:22: error: expected primary-expression before ‘(’ token
       result = Status(StatusCode::INTERNAL, msg->InitializationErrorString());
                      ^
/usr/local/include/grpcpp/impl/codegen/proto_utils.h:88:23: error: ‘StatusCode’ is not a class or namespace
       result = Status(StatusCode::INTERNAL, msg->InitializationErrorString());
                       ^
/usr/local/include/grpcpp/impl/codegen/proto_utils.h:91:22: error: expected primary-expression before ‘(’ token
       result = Status(StatusCode::INTERNAL, "Did not read entire message");
                      ^
/usr/local/include/grpcpp/impl/codegen/proto_utils.h:91:23: error: ‘StatusCode’ is not a class or namespace
       result = Status(StatusCode::INTERNAL, "Did not read entire message");
                       ^
/usr/local/include/grpcpp/impl/codegen/proto_utils.h: At global scope:
/usr/local/include/grpcpp/impl/codegen/proto_utils.h:105:44: error: ‘enable_if’ in namespace ‘std’ does not name a template type
 class SerializationTraits<T, typename std::enable_if<std::is_base_of<
                                            ^
/usr/local/include/grpcpp/impl/codegen/proto_utils.h:105:53: error: expected template-argument before ‘<’ token
 class SerializationTraits<T, typename std::enable_if<std::is_base_of<
                                                     ^
/usr/local/include/grpcpp/impl/codegen/proto_utils.h:105:53: error: expected ‘>’ before ‘<’ token
/usr/local/include/grpcpp/impl/codegen/proto_utils.h:106:75: error: template argument 2 is invalid
                                  grpc::protobuf::Message, T>::value>::type> {
                                                                           ^
/usr/local/include/grpcpp/impl/codegen/proto_utils.h:106:77: error: expected ‘::’ before ‘{’ token
                                  grpc::protobuf::Message, T>::value>::type> {
                                                                             ^
/usr/local/include/grpcpp/impl/codegen/proto_utils.h:106:77: error: expected identifier before ‘{’ token
/usr/local/include/grpcpp/impl/codegen/proto_utils.h:106:77: error: qualified name does not name a class before ‘{’ token
In file included from rpc.grpc.pb.cc:6:0:
rpc.grpc.pb.h:26:7: warning: override controls (override/final) only available with -std=c++11 or -std=gnu++11
 class Paxos final {
       ^
rpc.grpc.pb.h:28:10: error: ‘constexpr’ does not name a type
   static constexpr char const* service_full_name() {
          ^
rpc.grpc.pb.h:28:10: note: C++11 ‘constexpr’ only available with -std=c++11 or -std=gnu++11
In file included from rpc.grpc.pb.cc:6:0:
rpc.grpc.pb.h:35:10: error: ‘unique_ptr’ in namespace ‘std’ does not name a template type
     std::unique_ptr< ::grpc::ClientAsyncResponseReaderInterface< ::PrepareReply>> AsyncOnPrepare(::grpc::ClientContext* context, const ::PrepareRequest& request, ::grpc::CompletionQueue* cq) {
          ^
rpc.grpc.pb.h:38:10: error: ‘unique_ptr’ in namespace ‘std’ does not name a template type
     std::unique_ptr< ::grpc::ClientAsyncResponseReaderInterface< ::PrepareReply>> PrepareAsyncOnPrepare(::grpc::ClientContext* context, const ::PrepareRequest& request, ::grpc::CompletionQueue* cq) {
          ^
rpc.grpc.pb.h:42:10: error: ‘unique_ptr’ in namespace ‘std’ does not name a template type
     std::unique_ptr< ::grpc::ClientAsyncResponseReaderInterface< ::AcceptReply>> AsyncOnAccept(::grpc::ClientContext* context, const ::AcceptRequest& request, ::grpc::CompletionQueue* cq) {
          ^
rpc.grpc.pb.h:45:10: error: ‘unique_ptr’ in namespace ‘std’ does not name a template type
     std::unique_ptr< ::grpc::ClientAsyncResponseReaderInterface< ::AcceptReply>> PrepareAsyncOnAccept(::grpc::ClientContext* context, const ::AcceptRequest& request, ::grpc::CompletionQueue* cq) {
          ^
rpc.grpc.pb.h:49:10: error: ‘unique_ptr’ in namespace ‘std’ does not name a template type
     std::unique_ptr< ::grpc::ClientAsyncResponseReaderInterface< ::SuccessReply>> AsyncOnSuccess(::grpc::ClientContext* context, const ::SuccessRequest& request, ::grpc::CompletionQueue* cq) {
          ^
rpc.grpc.pb.h:52:10: error: ‘unique_ptr’ in namespace ‘std’ does not name a template type
     std::unique_ptr< ::grpc::ClientAsyncResponseReaderInterface< ::SuccessReply>> PrepareAsyncOnSuccess(::grpc::ClientContext* context, const ::SuccessRequest& request, ::grpc::CompletionQueue* cq) {
          ^
rpc.grpc.pb.h:63:9: warning: override controls (override/final) only available with -std=c++11 or -std=gnu++11
   class Stub final : public StubInterface {
         ^
rpc.grpc.pb.h:65:21: error: ‘shared_ptr’ in namespace ‘std’ does not name a template type
     Stub(const std::shared_ptr< ::grpc::ChannelInterface>& channel);
                     ^
rpc.grpc.pb.h:65:31: error: expected ‘,’ or ‘...’ before ‘<’ token
     Stub(const std::shared_ptr< ::grpc::ChannelInterface>& channel);
                               ^
rpc.grpc.pb.h:66:119: warning: override controls (override/final) only available with -std=c++11 or -std=gnu++11
     ::grpc::Status OnPrepare(::grpc::ClientContext* context, const ::PrepareRequest& request, ::PrepareReply* response) override;
                                                                                                                       ^
rpc.grpc.pb.h:67:10: error: ‘unique_ptr’ in namespace ‘std’ does not name a template type
     std::unique_ptr< ::grpc::ClientAsyncResponseReader< ::PrepareReply>> AsyncOnPrepare(::grpc::ClientContext* context, const ::PrepareRequest& request, ::grpc::CompletionQueue* cq) {
          ^
rpc.grpc.pb.h:70:10: error: ‘unique_ptr’ in namespace ‘std’ does not name a template type
     std::unique_ptr< ::grpc::ClientAsyncResponseReader< ::PrepareReply>> PrepareAsyncOnPrepare(::grpc::ClientContext* context, const ::PrepareRequest& request, ::grpc::CompletionQueue* cq) {
          ^
rpc.grpc.pb.h:73:116: warning: override controls (override/final) only available with -std=c++11 or -std=gnu++11
     ::grpc::Status OnAccept(::grpc::ClientContext* context, const ::AcceptRequest& request, ::AcceptReply* response) override;
                                                                                                                    ^
rpc.grpc.pb.h:74:10: error: ‘unique_ptr’ in namespace ‘std’ does not name a template type
     std::unique_ptr< ::grpc::ClientAsyncResponseReader< ::AcceptReply>> AsyncOnAccept(::grpc::ClientContext* context, const ::AcceptRequest& request, ::grpc::CompletionQueue* cq) {
          ^
rpc.grpc.pb.h:77:10: error: ‘unique_ptr’ in namespace ‘std’ does not name a template type
     std::unique_ptr< ::grpc::ClientAsyncResponseReader< ::AcceptReply>> PrepareAsyncOnAccept(::grpc::ClientContext* context, const ::AcceptRequest& request, ::grpc::CompletionQueue* cq) {
          ^
rpc.grpc.pb.h:80:119: warning: override controls (override/final) only available with -std=c++11 or -std=gnu++11
     ::grpc::Status OnSuccess(::grpc::ClientContext* context, const ::SuccessRequest& request, ::SuccessReply* response) override;
                                                                                                                       ^
rpc.grpc.pb.h:81:10: error: ‘unique_ptr’ in namespace ‘std’ does not name a template type
     std::unique_ptr< ::grpc::ClientAsyncResponseReader< ::SuccessReply>> AsyncOnSuccess(::grpc::ClientContext* context, const ::SuccessRequest& request, ::grpc::CompletionQueue* cq) {
          ^
rpc.grpc.pb.h:84:10: error: ‘unique_ptr’ in namespace ‘std’ does not name a template type
     std::unique_ptr< ::grpc::ClientAsyncResponseReader< ::SuccessReply>> PrepareAsyncOnSuccess(::grpc::ClientContext* context, const ::SuccessRequest& request, ::grpc::CompletionQueue* cq) {
          ^
rpc.grpc.pb.h:89:10: error: ‘shared_ptr’ in namespace ‘std’ does not name a template type
     std::shared_ptr< ::grpc::ChannelInterface> channel_;
          ^
rpc.grpc.pb.h:90:167: warning: override controls (override/final) only available with -std=c++11 or -std=gnu++11
     ::grpc::ClientAsyncResponseReader< ::PrepareReply>* AsyncOnPrepareRaw(::grpc::ClientContext* context, const ::PrepareRequest& request, ::grpc::CompletionQueue* cq) override;
                                                                                                                                                                       ^
rpc.grpc.pb.h:91:174: warning: override controls (override/final) only available with -std=c++11 or -std=gnu++11
     ::grpc::ClientAsyncResponseReader< ::PrepareReply>* PrepareAsyncOnPrepareRaw(::grpc::ClientContext* context, const ::PrepareRequest& request, ::grpc::CompletionQueue* cq) override;
                                                                                                                                                                              ^
rpc.grpc.pb.h:92:164: warning: override controls (override/final) only available with -std=c++11 or -std=gnu++11
     ::grpc::ClientAsyncResponseReader< ::AcceptReply>* AsyncOnAcceptRaw(::grpc::ClientContext* context, const ::AcceptRequest& request, ::grpc::CompletionQueue* cq) override;
                                                                                                                                                                    ^
rpc.grpc.pb.h:93:171: warning: override controls (override/final) only available with -std=c++11 or -std=gnu++11
     ::grpc::ClientAsyncResponseReader< ::AcceptReply>* PrepareAsyncOnAcceptRaw(::grpc::ClientContext* context, const ::AcceptRequest& request, ::grpc::CompletionQueue* cq) override;
                                                                                                                                                                           ^
rpc.grpc.pb.h:94:167: warning: override controls (override/final) only available with -std=c++11 or -std=gnu++11
     ::grpc::ClientAsyncResponseReader< ::SuccessReply>* AsyncOnSuccessRaw(::grpc::ClientContext* context, const ::SuccessRequest& request, ::grpc::CompletionQueue* cq) override;
                                                                                                                                                                       ^
rpc.grpc.pb.h:95:174: warning: override controls (override/final) only available with -std=c++11 or -std=gnu++11
     ::grpc::ClientAsyncResponseReader< ::SuccessReply>* PrepareAsyncOnSuccessRaw(::grpc::ClientContext* context, const ::SuccessRequest& request, ::grpc::CompletionQueue* cq) override;
                                                                                                                                                                              ^
rpc.grpc.pb.h:100:15: error: ‘unique_ptr’ in namespace ‘std’ does not name a template type
   static std::unique_ptr<Stub> NewStub(const std::shared_ptr< ::grpc::ChannelInterface>& channel, const ::grpc::StubOptions& options = ::grpc::StubOptions());
               ^
rpc.grpc.pb.h:118:32: warning: override controls (override/final) only available with -std=c++11 or -std=gnu++11
     ~WithAsyncMethod_OnPrepare() override {
                                ^
rpc.grpc.pb.h:122:119: warning: override controls (override/final) only available with -std=c++11 or -std=gnu++11
     ::grpc::Status OnPrepare(::grpc::ServerContext* context, const ::PrepareRequest* request, ::PrepareReply* response) final override {
                                                                                                                       ^
rpc.grpc.pb.h:122:121: warning: override controls (override/final) only available with -std=c++11 or -std=gnu++11
     ::grpc::Status OnPrepare(::grpc::ServerContext* context, const ::PrepareRequest* request, ::PrepareReply* response) final override {
                                                                                                                         ^
rpc.grpc.pb.h:138:31: warning: override controls (override/final) only available with -std=c++11 or -std=gnu++11
     ~WithAsyncMethod_OnAccept() override {
                               ^
rpc.grpc.pb.h:142:116: warning: override controls (override/final) only available with -std=c++11 or -std=gnu++11
     ::grpc::Status OnAccept(::grpc::ServerContext* context, const ::AcceptRequest* request, ::AcceptReply* response) final override {
                                                                                                                    ^
rpc.grpc.pb.h:142:118: warning: override controls (override/final) only available with -std=c++11 or -std=gnu++11
     ::grpc::Status OnAccept(::grpc::ServerContext* context, const ::AcceptRequest* request, ::AcceptReply* response) final override {
                                                                                                                      ^
rpc.grpc.pb.h:158:32: warning: override controls (override/final) only available with -std=c++11 or -std=gnu++11
     ~WithAsyncMethod_OnSuccess() override {
                                ^
rpc.grpc.pb.h:162:119: warning: override controls (override/final) only available with -std=c++11 or -std=gnu++11
     ::grpc::Status OnSuccess(::grpc::ServerContext* context, const ::SuccessRequest* request, ::SuccessReply* response) final override {
                                                                                                                       ^
rpc.grpc.pb.h:162:121: warning: override controls (override/final) only available with -std=c++11 or -std=gnu++11
     ::grpc::Status OnSuccess(::grpc::ServerContext* context, const ::SuccessRequest* request, ::SuccessReply* response) final override {
                                                                                                                         ^
rpc.grpc.pb.h:179:34: warning: override controls (override/final) only available with -std=c++11 or -std=gnu++11
     ~WithGenericMethod_OnPrepare() override {
                                  ^
rpc.grpc.pb.h:183:119: warning: override controls (override/final) only available with -std=c++11 or -std=gnu++11
     ::grpc::Status OnPrepare(::grpc::ServerContext* context, const ::PrepareRequest* request, ::PrepareReply* response) final override {
                                                                                                                       ^
rpc.grpc.pb.h:183:121: warning: override controls (override/final) only available with -std=c++11 or -std=gnu++11
     ::grpc::Status OnPrepare(::grpc::ServerContext* context, const ::PrepareRequest* request, ::PrepareReply* response) final override {
                                                                                                                         ^
rpc.grpc.pb.h:196:33: warning: override controls (override/final) only available with -std=c++11 or -std=gnu++11
     ~WithGenericMethod_OnAccept() override {
                                 ^
rpc.grpc.pb.h:200:116: warning: override controls (override/final) only available with -std=c++11 or -std=gnu++11
     ::grpc::Status OnAccept(::grpc::ServerContext* context, const ::AcceptRequest* request, ::AcceptReply* response) final override {
                                                                                                                    ^
rpc.grpc.pb.h:200:118: warning: override controls (override/final) only available with -std=c++11 or -std=gnu++11
     ::grpc::Status OnAccept(::grpc::ServerContext* context, const ::AcceptRequest* request, ::AcceptReply* response) final override {
                                                                                                                      ^
rpc.grpc.pb.h:213:34: warning: override controls (override/final) only available with -std=c++11 or -std=gnu++11
     ~WithGenericMethod_OnSuccess() override {
                                  ^
rpc.grpc.pb.h:217:119: warning: override controls (override/final) only available with -std=c++11 or -std=gnu++11
     ::grpc::Status OnSuccess(::grpc::ServerContext* context, const ::SuccessRequest* request, ::SuccessReply* response) final override {
                                                                                                                       ^
rpc.grpc.pb.h:217:121: warning: override controls (override/final) only available with -std=c++11 or -std=gnu++11
     ::grpc::Status OnSuccess(::grpc::ServerContext* context, const ::SuccessRequest* request, ::SuccessReply* response) final override {
                                                                                                                         ^
rpc.grpc.pb.h:231:40: warning: override controls (override/final) only available with -std=c++11 or -std=gnu++11
     ~WithStreamedUnaryMethod_OnPrepare() override {
                                        ^
rpc.grpc.pb.h:235:119: warning: override controls (override/final) only available with -std=c++11 or -std=gnu++11
     ::grpc::Status OnPrepare(::grpc::ServerContext* context, const ::PrepareRequest* request, ::PrepareReply* response) final override {
                                                                                                                       ^
rpc.grpc.pb.h:235:121: warning: override controls (override/final) only available with -std=c++11 or -std=gnu++11
     ::grpc::Status OnPrepare(::grpc::ServerContext* context, const ::PrepareRequest* request, ::PrepareReply* response) final override {
                                                                                                                         ^
rpc.grpc.pb.h:251:39: warning: override controls (override/final) only available with -std=c++11 or -std=gnu++11
     ~WithStreamedUnaryMethod_OnAccept() override {
                                       ^
rpc.grpc.pb.h:255:116: warning: override controls (override/final) only available with -std=c++11 or -std=gnu++11
     ::grpc::Status OnAccept(::grpc::ServerContext* context, const ::AcceptRequest* request, ::AcceptReply* response) final override {
                                                                                                                    ^
rpc.grpc.pb.h:255:118: warning: override controls (override/final) only available with -std=c++11 or -std=gnu++11
     ::grpc::Status OnAccept(::grpc::ServerContext* context, const ::AcceptRequest* request, ::AcceptReply* response) final override {
                                                                                                                      ^
rpc.grpc.pb.h:271:40: warning: override controls (override/final) only available with -std=c++11 or -std=gnu++11
     ~WithStreamedUnaryMethod_OnSuccess() override {
                                        ^
rpc.grpc.pb.h:275:119: warning: override controls (override/final) only available with -std=c++11 or -std=gnu++11
     ::grpc::Status OnSuccess(::grpc::ServerContext* context, const ::SuccessRequest* request, ::SuccessReply* response) final override {
                                                                                                                       ^
rpc.grpc.pb.h:275:121: warning: override controls (override/final) only available with -std=c++11 or -std=gnu++11
     ::grpc::Status OnSuccess(::grpc::ServerContext* context, const ::SuccessRequest* request, ::SuccessReply* response) final override {
                                                                                                                         ^
rpc.grpc.pb.h: In member function ‘grpc::Status Paxos::WithAsyncMethod_OnPrepare<BaseClass>::OnPrepare(grpc::ServerContext*, const PrepareRequest*, PrepareReply*)’:
rpc.grpc.pb.h:124:28: error: expected primary-expression before ‘(’ token
       return ::grpc::Status(::grpc::StatusCode::UNIMPLEMENTED, "");
                            ^
rpc.grpc.pb.h:124:37: error: ‘grpc::StatusCode’ is not a class or namespace
       return ::grpc::Status(::grpc::StatusCode::UNIMPLEMENTED, "");
                                     ^
rpc.grpc.pb.h: In member function ‘grpc::Status Paxos::WithAsyncMethod_OnAccept<BaseClass>::OnAccept(grpc::ServerContext*, const AcceptRequest*, AcceptReply*)’:
rpc.grpc.pb.h:144:28: error: expected primary-expression before ‘(’ token
       return ::grpc::Status(::grpc::StatusCode::UNIMPLEMENTED, "");
                            ^
rpc.grpc.pb.h:144:37: error: ‘grpc::StatusCode’ is not a class or namespace
       return ::grpc::Status(::grpc::StatusCode::UNIMPLEMENTED, "");
                                     ^
rpc.grpc.pb.h: In member function ‘grpc::Status Paxos::WithAsyncMethod_OnSuccess<BaseClass>::OnSuccess(grpc::ServerContext*, const SuccessRequest*, SuccessReply*)’:
rpc.grpc.pb.h:164:28: error: expected primary-expression before ‘(’ token
       return ::grpc::Status(::grpc::StatusCode::UNIMPLEMENTED, "");
                            ^
rpc.grpc.pb.h:164:37: error: ‘grpc::StatusCode’ is not a class or namespace
       return ::grpc::Status(::grpc::StatusCode::UNIMPLEMENTED, "");
                                     ^
rpc.grpc.pb.h: In member function ‘grpc::Status Paxos::WithGenericMethod_OnPrepare<BaseClass>::OnPrepare(grpc::ServerContext*, const PrepareRequest*, PrepareReply*)’:
rpc.grpc.pb.h:185:28: error: expected primary-expression before ‘(’ token
       return ::grpc::Status(::grpc::StatusCode::UNIMPLEMENTED, "");
                            ^
rpc.grpc.pb.h:185:37: error: ‘grpc::StatusCode’ is not a class or namespace
       return ::grpc::Status(::grpc::StatusCode::UNIMPLEMENTED, "");
                                     ^
rpc.grpc.pb.h: In member function ‘grpc::Status Paxos::WithGenericMethod_OnAccept<BaseClass>::OnAccept(grpc::ServerContext*, const AcceptRequest*, AcceptReply*)’:
rpc.grpc.pb.h:202:28: error: expected primary-expression before ‘(’ token
       return ::grpc::Status(::grpc::StatusCode::UNIMPLEMENTED, "");
                            ^
rpc.grpc.pb.h:202:37: error: ‘grpc::StatusCode’ is not a class or namespace
       return ::grpc::Status(::grpc::StatusCode::UNIMPLEMENTED, "");
                                     ^
rpc.grpc.pb.h: In member function ‘grpc::Status Paxos::WithGenericMethod_OnSuccess<BaseClass>::OnSuccess(grpc::ServerContext*, const SuccessRequest*, SuccessReply*)’:
rpc.grpc.pb.h:219:28: error: expected primary-expression before ‘(’ token
       return ::grpc::Status(::grpc::StatusCode::UNIMPLEMENTED, "");
                            ^
rpc.grpc.pb.h:219:37: error: ‘grpc::StatusCode’ is not a class or namespace
       return ::grpc::Status(::grpc::StatusCode::UNIMPLEMENTED, "");
                                     ^
rpc.grpc.pb.h: In constructor ‘Paxos::WithStreamedUnaryMethod_OnPrepare<BaseClass>::WithStreamedUnaryMethod_OnPrepare()’:
rpc.grpc.pb.h:229:87: error: ‘bind’ is not a member of ‘std’
         new ::grpc::internal::StreamedUnaryHandler< ::PrepareRequest, ::PrepareReply>(std::bind(&WithStreamedUnaryMethod_OnPrepare<BaseClass>::StreamedOnPrepare, this, std::placeholders::_1, std::placeholders::_2)));
                                                                                       ^
rpc.grpc.pb.h:229:174: error: ‘std::placeholders’ has not been declared
         new ::grpc::internal::StreamedUnaryHandler< ::PrepareRequest, ::PrepareReply>(std::bind(&WithStreamedUnaryMethod_OnPrepare<BaseClass>::StreamedOnPrepare, this, std::placeholders::_1, std::placeholders::_2)));
                                                                                                                                                                              ^
rpc.grpc.pb.h:229:197: error: ‘std::placeholders’ has not been declared
         new ::grpc::internal::StreamedUnaryHandler< ::PrepareRequest, ::PrepareReply>(std::bind(&WithStreamedUnaryMethod_OnPrepare<BaseClass>::StreamedOnPrepare, this, std::placeholders::_1, std::placeholders::_2)));
                                                                                                                                                                                                     ^
rpc.grpc.pb.h: In member function ‘grpc::Status Paxos::WithStreamedUnaryMethod_OnPrepare<BaseClass>::OnPrepare(grpc::ServerContext*, const PrepareRequest*, PrepareReply*)’:
rpc.grpc.pb.h:237:28: error: expected primary-expression before ‘(’ token
       return ::grpc::Status(::grpc::StatusCode::UNIMPLEMENTED, "");
                            ^
rpc.grpc.pb.h:237:37: error: ‘grpc::StatusCode’ is not a class or namespace
       return ::grpc::Status(::grpc::StatusCode::UNIMPLEMENTED, "");
                                     ^
rpc.grpc.pb.h: In constructor ‘Paxos::WithStreamedUnaryMethod_OnAccept<BaseClass>::WithStreamedUnaryMethod_OnAccept()’:
rpc.grpc.pb.h:249:85: error: ‘bind’ is not a member of ‘std’
         new ::grpc::internal::StreamedUnaryHandler< ::AcceptRequest, ::AcceptReply>(std::bind(&WithStreamedUnaryMethod_OnAccept<BaseClass>::StreamedOnAccept, this, std::placeholders::_1, std::placeholders::_2)));
                                                                                     ^
rpc.grpc.pb.h:249:170: error: ‘std::placeholders’ has not been declared
         new ::grpc::internal::StreamedUnaryHandler< ::AcceptRequest, ::AcceptReply>(std::bind(&WithStreamedUnaryMethod_OnAccept<BaseClass>::StreamedOnAccept, this, std::placeholders::_1, std::placeholders::_2)));
                                                                                                                                                                          ^
rpc.grpc.pb.h:249:193: error: ‘std::placeholders’ has not been declared
         new ::grpc::internal::StreamedUnaryHandler< ::AcceptRequest, ::AcceptReply>(std::bind(&WithStreamedUnaryMethod_OnAccept<BaseClass>::StreamedOnAccept, this, std::placeholders::_1, std::placeholders::_2)));
                                                                                                                                                                                                 ^
rpc.grpc.pb.h: In member function ‘grpc::Status Paxos::WithStreamedUnaryMethod_OnAccept<BaseClass>::OnAccept(grpc::ServerContext*, const AcceptRequest*, AcceptReply*)’:
rpc.grpc.pb.h:257:28: error: expected primary-expression before ‘(’ token
       return ::grpc::Status(::grpc::StatusCode::UNIMPLEMENTED, "");
                            ^
rpc.grpc.pb.h:257:37: error: ‘grpc::StatusCode’ is not a class or namespace
       return ::grpc::Status(::grpc::StatusCode::UNIMPLEMENTED, "");
                                     ^
rpc.grpc.pb.h: In constructor ‘Paxos::WithStreamedUnaryMethod_OnSuccess<BaseClass>::WithStreamedUnaryMethod_OnSuccess()’:
rpc.grpc.pb.h:269:87: error: ‘bind’ is not a member of ‘std’
         new ::grpc::internal::StreamedUnaryHandler< ::SuccessRequest, ::SuccessReply>(std::bind(&WithStreamedUnaryMethod_OnSuccess<BaseClass>::StreamedOnSuccess, this, std::placeholders::_1, std::placeholders::_2)));
                                                                                       ^
rpc.grpc.pb.h:269:174: error: ‘std::placeholders’ has not been declared
         new ::grpc::internal::StreamedUnaryHandler< ::SuccessRequest, ::SuccessReply>(std::bind(&WithStreamedUnaryMethod_OnSuccess<BaseClass>::StreamedOnSuccess, this, std::placeholders::_1, std::placeholders::_2)));
                                                                                                                                                                              ^
rpc.grpc.pb.h:269:197: error: ‘std::placeholders’ has not been declared
         new ::grpc::internal::StreamedUnaryHandler< ::SuccessRequest, ::SuccessReply>(std::bind(&WithStreamedUnaryMethod_OnSuccess<BaseClass>::StreamedOnSuccess, this, std::placeholders::_1, std::placeholders::_2)));
                                                                                                                                                                                                     ^
rpc.grpc.pb.h: In member function ‘grpc::Status Paxos::WithStreamedUnaryMethod_OnSuccess<BaseClass>::OnSuccess(grpc::ServerContext*, const SuccessRequest*, SuccessReply*)’:
rpc.grpc.pb.h:277:28: error: expected primary-expression before ‘(’ token
       return ::grpc::Status(::grpc::StatusCode::UNIMPLEMENTED, "");
                            ^
rpc.grpc.pb.h:277:37: error: ‘grpc::StatusCode’ is not a class or namespace
       return ::grpc::Status(::grpc::StatusCode::UNIMPLEMENTED, "");
                                     ^
In file included from rpc.grpc.pb.cc:11:0:
/usr/local/include/grpcpp/impl/codegen/client_unary_call.h: In constructor ‘grpc::internal::BlockingUnaryCallImpl<InputMessage, OutputMessage>::BlockingUnaryCallImpl(grpc::ChannelInterface*, const grpc::internal::RpcMethod&, grpc::ClientContext*, const InputMessage&, OutputMessage*)’:
/usr/local/include/grpcpp/impl/codegen/client_unary_call.h:56:5: error: ‘CallOpSet’ was not declared in this scope
     CallOpSet<CallOpSendInitialMetadata, CallOpSendMessage,
     ^
/usr/local/include/grpcpp/impl/codegen/client_unary_call.h:56:40: error: expected primary-expression before ‘,’ token
     CallOpSet<CallOpSendInitialMetadata, CallOpSendMessage,
                                        ^
/usr/local/include/grpcpp/impl/codegen/client_unary_call.h:56:59: error: expected primary-expression before ‘,’ token
     CallOpSet<CallOpSendInitialMetadata, CallOpSendMessage,
                                                           ^
/usr/local/include/grpcpp/impl/codegen/client_unary_call.h:57:40: error: expected primary-expression before ‘,’ token
               CallOpRecvInitialMetadata, CallOpRecvMessage<OutputMessage>,
                                        ^
/usr/local/include/grpcpp/impl/codegen/client_unary_call.h:57:74: error: expected primary-expression before ‘,’ token
               CallOpRecvInitialMetadata, CallOpRecvMessage<OutputMessage>,
                                                                          ^
/usr/local/include/grpcpp/impl/codegen/client_unary_call.h:58:36: error: expected primary-expression before ‘,’ token
               CallOpClientSendClose, CallOpClientRecvStatus>
                                    ^
/usr/local/include/grpcpp/impl/codegen/client_unary_call.h:58:60: error: expected primary-expression before ‘>’ token
               CallOpClientSendClose, CallOpClientRecvStatus>
                                                            ^
/usr/local/include/grpcpp/impl/codegen/client_unary_call.h:59:9: error: ‘ops’ was not declared in this scope
         ops;
         ^
/usr/local/include/grpcpp/impl/codegen/client_unary_call.h:74:25: error: expected primary-expression before ‘(’ token
         status_ = Status(StatusCode::UNIMPLEMENTED,
                         ^
/usr/local/include/grpcpp/impl/codegen/client_unary_call.h:74:26: error: ‘StatusCode’ is not a class or namespace
         status_ = Status(StatusCode::UNIMPLEMENTED,
                          ^
rpc.grpc.pb.cc: At global scope:
rpc.grpc.pb.cc:23:6: error: ‘unique_ptr’ in namespace ‘std’ does not name a template type
 std::unique_ptr< Paxos::Stub> Paxos::NewStub(const std::shared_ptr< ::grpc::ChannelInterface>& channel, const ::grpc::StubOptions& options) {
      ^
rpc.grpc.pb.cc:29:30: error: ‘shared_ptr’ in namespace ‘std’ does not name a template type
 Paxos::Stub::Stub(const std::shared_ptr< ::grpc::ChannelInterface>& channel)
                              ^
rpc.grpc.pb.cc:29:40: error: expected ‘,’ or ‘...’ before ‘<’ token
 Paxos::Stub::Stub(const std::shared_ptr< ::grpc::ChannelInterface>& channel)
                                        ^
rpc.grpc.pb.cc: In constructor ‘Paxos::Stub::Stub(int)’:
rpc.grpc.pb.cc:30:5: error: class ‘Paxos::Stub’ does not have any field named ‘channel_’
   : channel_(channel), rpcmethod_OnPrepare_(Paxos_method_names[0], ::grpc::internal::RpcMethod::NORMAL_RPC, channel)
     ^
rpc.grpc.pb.cc:30:14: error: ‘channel’ was not declared in this scope
   : channel_(channel), rpcmethod_OnPrepare_(Paxos_method_names[0], ::grpc::internal::RpcMethod::NORMAL_RPC, channel)
              ^
rpc.grpc.pb.cc: In member function ‘virtual grpc::Status Paxos::Stub::OnPrepare(grpc::ClientContext*, const PrepareRequest&, PrepareReply*)’:
rpc.grpc.pb.cc:36:46: error: ‘channel_’ was not declared in this scope
   return ::grpc::internal::BlockingUnaryCall(channel_.get(), rpcmethod_OnPrepare_, context, request, response);
                                              ^
rpc.grpc.pb.cc: In member function ‘virtual grpc::ClientAsyncResponseReader<PrepareReply>* Paxos::Stub::AsyncOnPrepareRaw(grpc::ClientContext*, const PrepareRequest&, grpc::CompletionQueue*)’:
rpc.grpc.pb.cc:40:86: error: ‘channel_’ was not declared in this scope
   return ::grpc::internal::ClientAsyncResponseReaderFactory< ::PrepareReply>::Create(channel_.get(), cq, rpcmethod_OnPrepare_, context, request, true);
                                                                                      ^
rpc.grpc.pb.cc: In member function ‘virtual grpc::ClientAsyncResponseReader<PrepareReply>* Paxos::Stub::PrepareAsyncOnPrepareRaw(grpc::ClientContext*, const PrepareRequest&, grpc::CompletionQueue*)’:
rpc.grpc.pb.cc:44:86: error: ‘channel_’ was not declared in this scope
   return ::grpc::internal::ClientAsyncResponseReaderFactory< ::PrepareReply>::Create(channel_.get(), cq, rpcmethod_OnPrepare_, context, request, false);
                                                                                      ^
rpc.grpc.pb.cc: In member function ‘virtual grpc::Status Paxos::Stub::OnAccept(grpc::ClientContext*, const AcceptRequest&, AcceptReply*)’:
rpc.grpc.pb.cc:48:46: error: ‘channel_’ was not declared in this scope
   return ::grpc::internal::BlockingUnaryCall(channel_.get(), rpcmethod_OnAccept_, context, request, response);
                                              ^
rpc.grpc.pb.cc: In member function ‘virtual grpc::ClientAsyncResponseReader<AcceptReply>* Paxos::Stub::AsyncOnAcceptRaw(grpc::ClientContext*, const AcceptRequest&, grpc::CompletionQueue*)’:
rpc.grpc.pb.cc:52:85: error: ‘channel_’ was not declared in this scope
   return ::grpc::internal::ClientAsyncResponseReaderFactory< ::AcceptReply>::Create(channel_.get(), cq, rpcmethod_OnAccept_, context, request, true);
                                                                                     ^
rpc.grpc.pb.cc: In member function ‘virtual grpc::ClientAsyncResponseReader<AcceptReply>* Paxos::Stub::PrepareAsyncOnAcceptRaw(grpc::ClientContext*, const AcceptRequest&, grpc::CompletionQueue*)’:
rpc.grpc.pb.cc:56:85: error: ‘channel_’ was not declared in this scope
   return ::grpc::internal::ClientAsyncResponseReaderFactory< ::AcceptReply>::Create(channel_.get(), cq, rpcmethod_OnAccept_, context, request, false);
                                                                                     ^
rpc.grpc.pb.cc: In member function ‘virtual grpc::Status Paxos::Stub::OnSuccess(grpc::ClientContext*, const SuccessRequest&, SuccessReply*)’:
rpc.grpc.pb.cc:60:46: error: ‘channel_’ was not declared in this scope
   return ::grpc::internal::BlockingUnaryCall(channel_.get(), rpcmethod_OnSuccess_, context, request, response);
                                              ^
rpc.grpc.pb.cc: In member function ‘virtual grpc::ClientAsyncResponseReader<SuccessReply>* Paxos::Stub::AsyncOnSuccessRaw(grpc::ClientContext*, const SuccessRequest&, grpc::CompletionQueue*)’:
rpc.grpc.pb.cc:64:86: error: ‘channel_’ was not declared in this scope
   return ::grpc::internal::ClientAsyncResponseReaderFactory< ::SuccessReply>::Create(channel_.get(), cq, rpcmethod_OnSuccess_, context, request, true);
                                                                                      ^
rpc.grpc.pb.cc: In member function ‘virtual grpc::ClientAsyncResponseReader<SuccessReply>* Paxos::Stub::PrepareAsyncOnSuccessRaw(grpc::ClientContext*, const SuccessRequest&, grpc::CompletionQueue*)’:
rpc.grpc.pb.cc:68:86: error: ‘channel_’ was not declared in this scope
   return ::grpc::internal::ClientAsyncResponseReaderFactory< ::SuccessReply>::Create(channel_.get(), cq, rpcmethod_OnSuccess_, context, request, false);
                                                                                      ^
rpc.grpc.pb.cc: In constructor ‘Paxos::Service::Service()’:
rpc.grpc.pb.cc:76:11: error: ‘mem_fn’ is not a member of ‘std’
           std::mem_fn(&Paxos::Service::OnPrepare), this)));
           ^
rpc.grpc.pb.cc:81:11: error: ‘mem_fn’ is not a member of ‘std’
           std::mem_fn(&Paxos::Service::OnAccept), this)));
           ^
rpc.grpc.pb.cc:86:11: error: ‘mem_fn’ is not a member of ‘std’
           std::mem_fn(&Paxos::Service::OnSuccess), this)));
           ^
rpc.grpc.pb.cc: In member function ‘virtual grpc::Status Paxos::Service::OnPrepare(grpc::ServerContext*, const PrepareRequest*, PrepareReply*)’:
rpc.grpc.pb.cc:96:24: error: expected primary-expression before ‘(’ token
   return ::grpc::Status(::grpc::StatusCode::UNIMPLEMENTED, "");
                        ^
rpc.grpc.pb.cc:96:33: error: ‘grpc::StatusCode’ is not a class or namespace
   return ::grpc::Status(::grpc::StatusCode::UNIMPLEMENTED, "");
                                 ^
rpc.grpc.pb.cc: In member function ‘virtual grpc::Status Paxos::Service::OnAccept(grpc::ServerContext*, const AcceptRequest*, AcceptReply*)’:
rpc.grpc.pb.cc:103:24: error: expected primary-expression before ‘(’ token
   return ::grpc::Status(::grpc::StatusCode::UNIMPLEMENTED, "");
                        ^
rpc.grpc.pb.cc:103:33: error: ‘grpc::StatusCode’ is not a class or namespace
   return ::grpc::Status(::grpc::StatusCode::UNIMPLEMENTED, "");
                                 ^
rpc.grpc.pb.cc: In member function ‘virtual grpc::Status Paxos::Service::OnSuccess(grpc::ServerContext*, const SuccessRequest*, SuccessReply*)’:
rpc.grpc.pb.cc:110:24: error: expected primary-expression before ‘(’ token
   return ::grpc::Status(::grpc::StatusCode::UNIMPLEMENTED, "");
                        ^
rpc.grpc.pb.cc:110:33: error: ‘grpc::StatusCode’ is not a class or namespace
   return ::grpc::Status(::grpc::StatusCode::UNIMPLEMENTED, "");
                                 ^
make: *** [rpc.grpc.pb.o] Error 1
